Quelo   ...M68K D2.0C  3/12/85   ...Run on May 7, 2025  -52:23:13
D:NAVFREQ.A68 , D:NAVFREQ.ERR = D:NAVFREQ.SA

  <00001594>     5.  NADF1FRQ  EQU	$00001594 L 001 L H   ADF 1 FREQUENCY
  <00001598>     6.  NADF1STA  EQU	$00001598 L 001 L H   ADF 1 STATION BUFFER A
  <0000159C>     7.  NA1IDNT1  EQU	$0000159C L 001 L H   ADF 1 IDENT WORD 1
  <000015A0>     8.  NA1IDNT2  EQU	$000015A0 L 001 L H   ADF 1 IDENT WORD 2
  <000015A4>     9.  NADF2FRQ  EQU	$000015A4 L 001 L H   ADF 2 FREQUENCY
  <000015A8>    10.  NADF2STA  EQU	$000015A8 L 001 L H   ADF 2 STATION BUFFER A
  <000015AC>    11.  NA2IDNT1  EQU	$000015AC L 001 L H   ADF 2 IDENT WORD 1
  <000015B0>    12.  NA2IDNT2  EQU	$000015B0 L 001 L H   ADF 2 IDENT WORD 2
  <000015B4>    13.  NAV1FREQ  EQU	$000015B4 L 001 L H   NAV 1 FREQUENCY		    H
  <000015B8>    14.  NAV2FREQ  EQU	$000015B8 L 001 L H   NAV 2 FREQUENCY		    H
  <000015BC>    15.  NAV1STA   EQU	$000015BC L 001 L H   NAV 1 STATION BUFFER A
  <000015C0>    16.  NAV2STA   EQU	$000015C0 L 001 L H   NAV 2 STATION BUFFER A
  <000015C4>    17.  NDIST2	  EQU	$000015C4 L 001 L S24 DISTANCE FROM CLOSEST F
  <000015C8>    18.  NGLAT	  EQU	$000015C8 L 001 L S23 AIRCRAFT LATITUDE 	    D
  <000015CC>    19.  NGLON	  EQU	$000015CC L 001 L S23 AIRCRAFT LONGITUDE	    D
  <000015D0>    20.  NV1IDNT1  EQU	$000015D0 L 001 L H   NAV 1 IDENT WORD 1
  <000015D4>    21.  NV1IDNT2  EQU	$000015D4 L 001 L H   NAV 1 IDENT WORD 2
  <000015D8>    22.  NV2IDNT1  EQU	$000015D8 L 001 L H   NAV 2 IDENT WORD 1
  <000015DC>    23.  NV2IDNT2  EQU	$000015DC L 001 L H   NAV 2 IDENT WORD 2
  <000015E0>    24.  ND1IDNT1  EQU	$000015E0 L 001 L H   DME 1 IDENT WORD 1
  <000015E4>    25.  ND1IDNT2  EQU	$000015E4 L 001 L H   DME 1 IDENT WORD 2
  <000015E8>    26.  ND2IDNT1  EQU	$000015E8 L 001 L H   DME 2 IDENT WORD 1
  <000015EC>    27.  ND2IDNT2  EQU	$000015EC L 001 L H   DME 2 IDENT WORD 2
  <000015F0>    28.  NADF1ERR  EQU	$000015F0 L 001 L H   ADF 1 FREQUENCY ERROR	
  <000015F4>    29.  NADF2ERR  EQU	$000015F4 L 001 L H   ADF 2 FREQUENCY ERROR	
  <000015F8>    30.  NRAGAS	  EQU	$000015F8 L 001 L S08 DIST ALONG RNWY HEADING
  <000015FC>    31.  NRBGAS	  EQU	$000015FC L 001 L S08 DIST ACROSS RNWY HEADIN
  <00001600>    32.  NRGAS2	  EQU	$00001600 L 001 L S11 GROUND RANGE TO STATION
  <00001604>    33.  NRRAS2	  EQU	$00001604 L 001 L S11 SLANT RANGE TO STATION 
  <00001608>    34.  NSACF	  EQU	$00001608 L 001 L H   CLOSEST AIRPORT ADDRESS
  <0000160C>    35.  NMKRSA	  EQU	$0000160C L 001 L H   ADDRESS OF NEAREST MARK
  <00001610>    36.  NDME1STA  EQU	$00001610 L 001 L H   DME1 STATION ADDRESS
  <00001614>    37.  NDME2STA  EQU	$00001614 L 001 L H   DME2 STATION ADDRESS
  <00001618>    38.  NAPTPSA   EQU	$00001618 L 001 L H   NEAREST AIRPORT PRESEL
  <0000161C>    39.  NAPTRNG2  EQU	$0000161C L 001 L S24 NEAREST AIRPORT RANGE 
  <00001620>    40.  NMKRRNG2  EQU	$00001620 L 001 L S24 NEAREST MARKER RANGE S
  <00001624>    41.  NTABNAV1  EQU	$00001624 L 001 L H   STATION ADDR OF GOOD S
  <00001628>    42.  NTABNAV2  EQU	$00001628 L 001 L H   STATION ADDR OF GOOD S
  <0000162C>    43.  NCENLAT   EQU	$0000162C L 001 L S23 MAP CENTER LAT
  <00001630>    44.  NCENLON   EQU	$00001630 L 001 L S23 MAP CENTER LON
  <00001634>    45.  NRSLEW	  EQU	$00001634 L 001 L S23 CHART RECORDER SLEW RAT
  <00001638>    46.  NRXGASL   EQU	$00001638 L 001 L S23 NRXGASL IS DELTA LAT I
  <0000163C>    47.  NRYGASL   EQU	$0000163C L 001 L S23 NRYGASL IS DELTA LON I
  <00001640>    48.  N3KBAND   EQU	$00001640 L 001 L H   3000 * ADF BAND NUMBER
  <00001644>    49.  NENGFREQ  EQU	$00001644 L 001 L H
  <00001648>    50.  NSPARE1   EQU	$00001648 L 001 L H   NAV SPARE LONG WORD 1
  <0000164C>    51.  NSPARE2   EQU	$0000164C L 001 L H   NAV SPARE LONG WORD 2
  <00001650>    52.  NSPARE3   EQU	$00001650 L 001 L H   NAV SPARE LONG WORD 3
  <00001654>    53.  NSPARE4   EQU	$00001654 L 001 L H   NAV SPARE LONG WORD 4
  <00001658>    54.  NSPARE5   EQU	$00001658 L 001 L H   NAV SPARE LONG WORD 5
  <0000165C>    55.  NSPARE6   EQU	$0000165C L 001 L H   NAV SPARE LONG WORD 6
  <00001660>    56.  NSPARE7   EQU	$00001660 L 001 L H   NAV SPARE LONG WORD 7
  <00001664>    57.  NSPARE8   EQU	$00001664 L 001 L H   NAV SPARE LONG WORD 8
  <00001668>    58.  NADF1BRG  EQU	$00001668 W 001 L S06 ADF MAG BEARING TO STA
  <0000166A>    59.  NADF1CTR  EQU	$0000166A W 001 L H   ADF TONE KFG COUNTER	 
  <0000166C>    60.  NADF1DEV  EQU	$0000166C W 001 L S06 ADF 1 DEVIATION		    D
  <0000166E>    61.  NADF1RNG  EQU	$0000166E W 001 L S00 ADF 1 STATION RANGE	  
  <00001670>    62.  NADF2RNG  EQU	$00001670 W 001 L S00 ADF 2 STATION RANGE	  
  <00001672>    63.  NADF2BRG  EQU	$00001672 W 001 L S06 ADF 2 MAG BEARING TO S
  <00001674>    64.  NADF2CTR  EQU	$00001674 W 001 L H   ADF 2 TONE KFG COUNTER
  <00001676>    65.  NADF2DEV  EQU	$00001676 W 001 L S06 ADF 2 DEVIATION		    D
  <00001678>    66.  NAV1BRG   EQU	$00001678 W 001 L S06 NAV 1 BEARING TO STATI
  <0000167A>    67.  NAV2BRG   EQU	$0000167A W 001 L S06 NAV 2 BEARING TO STATI
  <0000167C>    68.  NAV1CTR   EQU	$0000167C W 001 L H   NAV 1 KFG COUNTER 	   
  <0000167E>    69.  NAV2CTR   EQU	$0000167E W 001 L H   NAV 2 KFG COUNTER 	   
  <00001680>    70.  NAV1OBS   EQU	$00001680 W 001 L S06 NAV 1 OMNIBEARING SELE
  <00001682>    71.  NAV2OBS   EQU	$00001682 W 001 L S06 NAV 2 OMNIBEARING SELE
  <00001684>    72.  NCDI1DEG  EQU	$00001684 W 001 L S06 NAV 1 COURSE DEVIATION
  <00001686>    73.  NCDI2DEG  EQU	$00001686 W 001 L S06 NAV 2 COURSE DEVIATION
  <00001688>    74.  NGCLAT	  EQU	$00001688 W 001 L S15 COSINE OF LATITUDE
  <0000168A>    75.  NGCLATIN  EQU	$0000168A W 001 L S07 INVERSE OF NGCLAT
  <0000168C>    76.  NGFE	  EQU	$0000168C W 001 L S00 FIELD ELEVATION		    FEET
  <0000168E>    77.  NGGA	  EQU	$0000168E W 001 L S00 NAV GEOMETRIC ALTITUDE	  
  <00001690>    78.  NGS	  EQU	$00001690 W 001 L S04 NAV GROUND SPEED		    KNOT
  <00001692>    79.  NHRA	  EQU	$00001692 W 001 L S00 NAV HEIGHT ABOVE GROUND	 
  <00001694>    80.  NGSD1DEG  EQU	$00001694 W 001 L S06 AIRCRAFT GLIDESLOPE	  
  <00001696>    81.  NIMCTR	  EQU	$00001696 W 001 L H   IM COUNTER		    .1SEC  
  <00001698>    82.  NMAGVAR   EQU	$00001698 W 001 L S06 MAGNETIC VARIATION	   
  <0000169A>    83.  NMMCTR	  EQU	$0000169A W 001 L H   MM COUNTER KFG		    .1S
  <0000169C>    84.  NOMCTR	  EQU	$0000169C W 001 L H   OM COUNTER KFG		    .1S
  <0000169E>    85.  NPSIGA	  EQU	$0000169E W 001 L S06 NAV AIRCRAFT TRUE HEADI
  <000016A0>    86.  NPSIMH	  EQU	$000016A0 W 001 L S06 NAV AIRCRAFT MAG HEADIN
  <000016A2>    87.  NPSIIH	  EQU	$000016A2 W 001 L S06 NAV AIRCRAFT INDICATED 
  <000016A4>    88.  NUEW	  EQU	$000016A4 W 001 L S04 N-S VELOCITY WITH WIND	  
  <000016A6>    89.  NVEW	  EQU	$000016A6 W 001 L S04 E-W VELOCITY WITH WIND	  
  <000016A8>    90.  NADF1RAW  EQU	$000016A8 W 001 L H   ADF N-1 RAW FREQUENCY	
  <000016AA>    91.  NRASIN	  EQU	$000016AA W 001 L S15 SINE OF AVERAGE LATITUD
  <000016AC>    92.  NRACOS	  EQU	$000016AC W 001 L S15 COSINE OF AVERAGE LATIT
  <000016AE>    93.  NRXGAS	  EQU	$000016AE W 001 L S12 DELTA LAT BETWEEN STATI
  <000016B0>    94.  NRYGAS	  EQU	$000016B0 W 001 L S12 DELTA LON BETWEEN STATI
  <000016B2>    95.  NRBRG	  EQU	$000016B2 W 001 L S06 MAGNETIC BEARING TO STAT
  <000016B4>    96.  NRRGAS	  EQU	$000016B4 W 001 L S06 GROUND RANGE TO STATION
  <000016B6>    97.  NRZGAS	  EQU	$000016B6 W 001 L S00 HEIGHT ABOVE STATION	  
  <000016B8>    98.  NRRRAS	  EQU	$000016B8 W 001 L S06 SLANT RANGE TO STATION	
  <000016BA>    99.  NGBIAS	  EQU	$000016BA W 001 L S06 GROUND BIAS
  <000016BC>   100.  NSPSIB	  EQU	$000016BC W 001 L S15 SIN BIAS HEADING
  <000016BE>   101.  NCPSIB	  EQU	$000016BE W 001 L S15 COS BIAS HEADING
  <000016C0>   102.  NGVNS	  EQU	$000016C0 W 001 L S04 N-S GROUND VELOCITY
  <000016C2>   103.  NGVEW	  EQU	$000016C2 W 001 L S04 E-W GROUND VELOCITY
  <000016C4>   104.  NDME1CTR  EQU	$000016C4 W 001 L H   DME1 COUNTER
  <000016C6>   105.  NDME2CTR  EQU	$000016C6 W 001 L H   DME2 COUNTER
  <000016C8>   106.  NVTC1CTR  EQU	$000016C8 W 001 L H   VTC 1 COUNTER
  <000016CA>   107.  NVTC2CTR  EQU	$000016CA W 001 L H   VTC 2 COUNTER
  <000016CC>   108.  NK1	  EQU	$000016CC W 001 L H   CONSTANT USED IN NAV1
  <000016CE>   109.  NK2	  EQU	$000016CE W 001 L H   CONSTANT USED IN NAV1
  <000016D0>   110.  NK3	  EQU	$000016D0 W 001 L H   CONSTANT USED IN NAV1
  <000016D2>   111.  NE	  EQU	$000016D2 W 001 L H   TEMP STORE USED IN NAV1
  <000016D4>   112.  NCRS1COS  EQU	$000016D4 W 001 L S15 NAV 1 SEL COURSE COSIN
  <000016D6>   113.  NCRS1SIN  EQU	$000016D6 W 001 L S15 NAV 1 SEL COURSE SINE
  <000016D8>   114.  NCRS2COS  EQU	$000016D8 W 001 L S15 NAV 2 SEL COURSE COSIN
  <000016DA>   115.  NCRS2SIN  EQU	$000016DA W 001 L S15 NAV 2 SEL COURSE SINE
  <000016DC>   116.  NSYNCS	  EQU	$000016DC W 001 L S15 COMPASS SYNC POT SINE
  <000016DE>   117.  NSYNCC	  EQU	$000016DE W 001 L S15 COMPASS SYNC POT COSINE
  <000016E0>   118.  NSYNCDEG  EQU	$000016E0 W 001 L S06 COMPASS SYNC POT DEGRE
  <000016E2>   119.  NRSCALE   EQU	$000016E2 W 001 L S00 CHART RECORDER SCALE
  <000016E4>   120.  USETHD	  EQU	$000016E4 W 001 L S06 SET NEW HEADING
  <000016E6>   121.  NCONRAD   EQU	$000016E6 W 001 L S06 CONE OF CONFUSION RADI
  <000016E8>   122.  NAV1GS	  EQU	$000016E8 W 001 L S15 NAV1 GLIDE SLOPE AO		  
  <000016EA>   123.  NAV2GS	  EQU	$000016EA W 001 L S15 NAV2 GLIDE SLOPE AO		  
  <000016EC>   124.  NAV1LR	  EQU	$000016EC W 001 L S15 NAV1 CDI NEEDLE AO		   
  <000016EE>   125.  NAV2LR	  EQU	$000016EE W 001 L S15 NAV2 CDI NEEDLE AO		   
  <000016F0>   126.  NGSTAN	  EQU	$000016F0 W 001 L S12 GLIDE SLOPE TAN
  <000016F2>   127.  NBASEREG  EQU	$000016F2 W 001 L S06 BASE REGISTER FOR NATA
  <000016F4>   128.  NITCOUNT  EQU	$000016F4 W 001 L H   ITERATION COUNTER
  <000016F6>   129.  NSPAREW1  EQU	$000016F6 W 001 L H   NAV SPARE WORD 1
  <000016F8>   130.  NSPAREW2  EQU	$000016F8 W 001 L H   NAV SPARE WORD 2
  <000016FA>   131.  NSPAREW3  EQU	$000016FA W 001 L H   NAV SPARE WORD 3
  <000016FC>   132.  NSPAREW4  EQU	$000016FC W 001 L H   NAV SPARE WORD 4
  <000016FE>   133.  NSPAREW5  EQU	$000016FE W 001 L H   NAV SPARE WORD 5
  <00001700>   134.  NSPAREW6  EQU	$00001700 W 001 L H   NAV SPARE WORD 6
  <00001702>   135.  NSPAREW7  EQU	$00001702 W 001 L H   NAV SPARE WORD 7
  <00001704>   136.  NSPAREW8  EQU	$00001704 W 001 L H   NAV SPARE WORD 8
  <00001706>   137.  NICOM1SQ  EQU	$00001706 W 001 L H   TEMP STORE OF ICOM1SQ 
  <00001708>   138.  NICOM2SQ  EQU	$00001708 W 001 L H   TEMP STORE OF ICOM2SQ 
  <0000170A>   139.  NMKRLVL   EQU	$0000170A B 001 L H   MARKER LEVEL
  <0000170B>   140.  NLF1LOS   EQU	$0000170B B 001 L H   ADF 1 IN LINE OF SIGHT
  <0000170C>   141.  NADF1TUN  EQU	$0000170C B 001 L H   ADF 1 STATION ID ENABL
  <0000170D>   142.  NADF2TUN  EQU	$0000170D B 001 L H   ADF 2 STATION ID ENABL
  <0000170E>   143.  NAV1TUN   EQU	$0000170E B 001 L H   NAV 1 STATION ID ENABL
  <0000170F>   144.  NAV2TUN   EQU	$0000170F B 001 L H   NAV 2 STATION ID ENABL
  <00001710>   145.  NAVFRZ	  EQU	$00001710 B 001 L H   NAV FREEZE
  <00001711>   146.  NBWOW	  EQU	$00001711 B 001 L H   NAV WEIGHT ON WHEELS
  <00001712>   147.  NIMTONE   EQU	$00001712 B 001 L H   IM TONE ENABLE
  <00001713>   148.  NIN1GSF   EQU	$00001713 B 001 L H   NAV 1 GLIDESLOPE FLAG
  <00001714>   149.  NINIT	  EQU	$00001714 B 001 L H   NAV INITIALIZATION FLAG
  <00001715>   150.  NMMTONE   EQU	$00001715 B 001 L H   MM TONE ENABLE
  <00001716>   151.  NOMTONE   EQU	$00001716 B 001 L H   OM TONE ENABLE
  <00001717>   152.  NRWR1	  EQU	$00001717 B 001 L H   IN RANGE 1 FLAG
  <00001718>   153.  NRWR2	  EQU	$00001718 B 001 L H   IN RANGE 2 FLAG
  <00001719>   154.  NRWR3	  EQU	$00001719 B 001 L H   IN RANGE 3 FLAG
  <0000171A>   155.  NRLOS	  EQU	$0000171A B 001 L H   IN LINE OF SIGHT FLAG
  <0000171B>   156.  NMKRVL	  EQU	$0000171B B 001 L H   MARKER BEACON STATION V
  <0000171C>   157.  NDME1TUN  EQU	$0000171C B 001 L H   DME1 TUNED FLAG
  <0000171D>   158.  NDME2TUN  EQU	$0000171D B 001 L H   DME2 TUNED FLAG
  <0000171E>   159.  NIMKEY	  EQU	$0000171E B 001 L H   INNER MARKER KEY
  <0000171F>   160.  NAMRA	  EQU	$0000171F B 001 L H   INNER MARKER RANGE
  <00001720>   161.  NMMRA	  EQU	$00001720 B 001 L H   MIDDLE MARKER RANGE
  <00001721>   162.  NOMRA	  EQU	$00001721 B 001 L H   OUTER MARKER RANGE
  <00001722>   163.  NVTC1	  EQU	$00001722 B 001 L H
  <00001723>   164.  NVTC2	  EQU	$00001723 B 001 L H
  <00001724>   165.  NAV1VOL   EQU	$00001724 B 001 L H   NAV1 VOLUME
  <00001725>   166.  NAV2VOL   EQU	$00001725 B 001 L H   NAV2 VOLUME
  <00001726>   167.  NLF1VOL   EQU	$00001726 B 001 L H
  <00001727>   168.  NCOM1OP   EQU	$00001727 B 001 L H   COMM1 OPERABLE FLAG
  <00001728>   169.  NCOM2OP   EQU	$00001728 B 001 L H   COMM2 OPERABLE FLAG
  <00001729>   170.  NMKRSNS   EQU	$00001729 B 001 L H   MARKER SENSE
  <0000172A>   171.  NIPFLAG   EQU	$0000172A B 001 L H   INITIAL POS FLAG
  <0000172B>   172.  UHDSET	  EQU	$0000172B B 001 L H   INITIAL POS HEADING FLA
  <0000172C>   173.  NMMKEY	  EQU	$0000172C B 001 L H   MIDDLE MARKER KEY
  <0000172D>   174.  NOMKEY	  EQU	$0000172D B 001 L H   OUTER MARKER KEY
  <0000172E>   175.  NAV1KY	  EQU	$0000172E B 001 L H   NAV 1 KEY
  <0000172F>   176.  NAV2KY	  EQU	$0000172F B 001 L H   NAV 2 KEY
  <00001730>   177.  NDM1KY	  EQU	$00001730 B 001 L H   DME 1 KEY
  <00001731>   178.  NDM2KY	  EQU	$00001731 B 001 L H   DME 2 KEY
  <00001732>   179.  NLF1KY	  EQU	$00001732 B 001 L H   ADF 1 KEY
  <00001733>   180.  NLF2KY	  EQU	$00001733 B 001 L H   ADF 1 KEY
  <00001734>   181.  NNV1VOL   EQU	$00001734 B 001 L H   TEMP STORE OF ONV1VOL
  <00001735>   182.  NNV2VOL   EQU	$00001735 B 001 L H   TEMP STORE OF ONV2VOL
  <00001736>   183.  NCDI1DO   EQU	$00001736 B 001 L H   TEMP STORE OF OCDI1DO
  <00001737>   184.  NCDI2DO   EQU	$00001737 B 001 L H   TEMP STORE OF OCDI2DO
  <00001738>   185.  NDMECTL   EQU	$00001738 B 001 L H
  <00001739>   186.  NENGAMP   EQU	$00001739 B 001 L H
  <0000173A>   187.  NPROPAMP  EQU	$0000173A B 001 L H
  <0000173B>   188.  NRUMBLE   EQU	$0000173B B 001 L H   RUMBLE
  <0000173C>   189.  NSTALL	  EQU	$0000173C B 001 L H   STALL WARNING
  <0000173D>   190.  NCOM1SQ   EQU	$0000173D B 001 L H   TEMP STORE OF OCOM1SQ
  <0000173E>   191.  NCOM2SQ   EQU	$0000173E B 001 L H   TEMP STORE OF OCOM2SQ
  <0000173F>   192.  NCOM1VOL  EQU	$0000173F B 001 L H TEMP STORE OF OCOM1VOL
  <00001740>   193.  NCOM2VOL  EQU	$00001740 B 001 L H TEMP STORE OF OCOM2VOL
  <00001741>   194.  NASCONT1  EQU	$00001741 B 001 L H TEMP STORE OF OASCONT1
  <00001742>   195.  NASCONT2  EQU	$00001742 B 001 L H TEMP STORE OF OASCONT2
  <00001743>   196.  NASCONT3  EQU	$00001743 B 001 L H TEMP STORE OF OASCONT3
  <00001744>   197.  NMKRDOB   EQU	$00001744 B 001 L H TEMP STORE FOR OMKRDO
  <00001745>   198.  NDS1DO15  EQU	$00001745 B 001 L H TEMP STORE FOR ODS1DO15 
  <00001746>   199.  NSPAREB1  EQU	$00001746 B 001 L H   SPARE BYTE 1
  <00001747>   200.  NSPAREB2  EQU	$00001747 B 001 L H   SPARE BYTE 2
  <00001748>   201.  NSPAREB3  EQU	$00001748 B 001 L H   SPARE BYTE 3
  <00001749>   202.  NSPAREB4  EQU	$00001749 B 001 L H   SPARE BYTE 4
  <0000174A>   203.  NSPAREB5  EQU	$0000174A B 001 L H   SPARE BYTE 5
  <0000174B>   204.  NSPAREB6  EQU	$0000174B B 001 L H   SPARE BYTE 6
  <0000174C>   205.  NSPAREB7  EQU	$0000174C B 001 L H   SPARE BYTE 7
  <0000174D>   206.  NSPAREB8  EQU	$0000174D B 001 L H   SPARE BYTE 8
  <0000174E>   207.  NSPAREB9  EQU	$0000174E B 001 L H   SPARE BYTE 9
  <0000174F>   208.  NSPAREBA  EQU	$0000174F B 001 L H   SPARE BYTE 10
  <00000205>   210.  OFUELLT      EQU    $00000205		LEFT FUEL QTY		 0V=0,+10V=2
  <00000209>   211.  OFUELRT      EQU    $00000209		RIGHT FUEL QTY		 0V=0,+10V=
  <00000211>   212.  OOILP	     EQU    $00000211		OIL PRESSURE		 0V=0,+10V=100
  <00000215>   213.  OCYLT	     EQU    $00000215		CYL. HEAD TEMP. 	 0V=0,+10V=4
  <00000201>   214.  OOILT	     EQU    $00000201		OIL TEMP		 0V=0,+10V=260
  <00000221>   216.  ITHR1	     EQU    $00000221		THROTTLE		 +10V=FULL,+4.6
  <00000225>   217.  IMIX1	     EQU    $00000225		MIXTURE 		 +3.3V=FULL RIC
  <00000229>   218.  ICARBH1      EQU    $00000229		CARB. HEAT		 -3.3V=ON,-10V=
  <00000231>   219.  IPROP1	     EQU    $00000231		PROP.			 -4.93V=MAX,-10
  <00000241>   221.  IELEV	     EQU    $00000241		ELEVATOR CONTROL	  +7.33V=UP,
  <00000245>   222.  IAIL	     EQU    $00000245		AILERON CONTROL 	  +6.5V=RT,-6
  <00000249>   223.  IRUD	     EQU    $00000249		RUDDER CONTROL		  +3.5V=RT,-3.
  <00000251>   224.  IELEVT	     EQU    $00000251		ELEVATOR TRIM		  +7V=UP,-2.3
  <00000261>   226.  OTURNP	     EQU    $00000261		TURN NEEDLE		  +10V=6 NW RT,
  <00000265>   227.  OBALLP	     EQU    $00000265		BALL			  +10V=1.6 BW R
  <00000271>   229.  OIRCP	     EQU    $00000271		R/C			  +10V=2000 FT
  <00000281>   231.  OALTMP	     EQU    $00000281		ALTIMETER		  0V=-1000 FT,-
  <00000291>   233.  OIASP	     EQU    $00000291		INDICATED AIRSPEED	  0V=0 MPH
  <000002A1>   235.  OIRPM	     EQU    $000002A1		RPM			  0V=0 RPM,+10V
  <000002B1>   237.  OIMAP1	     EQU    $000002B1		MAP			  0V=29.92 IN H
  <000002C9>   239.  OATTPIT      EQU    $000002C9		ATTITUDE PITCH		  +10V=15 D
  <000002C5>   240.  OATTROLS     EQU    $000002C5		ATTITUDE ROLL SIN	  +10V=SI
  <000002C1>   241.  OATTROLC     EQU    $000002C1		ATTITUDE ROLL COS	  +10V=CO
  <000002D1>   243.  IMPSDI1      EQU    $000002D1		PANEL SWITCHES #1
  <00000007>   244.  IMSTSW	     EQU    7			MASTER SWITCH ON
  <00000006>   245.  IIGNST	     EQU    6			IGNITION SWITCH START
  <00000005>   246.  IIGNBT	     EQU    5			IGNITION SWITCH BOTH
  <00000004>   247.  IIGNRT	     EQU    4			IGNITION SWITCH RIGHT
  <00000003>   248.  IIGNLT	     EQU    3			IGNITION SWITCH LEFT
  <00000002>   249.  IRMI1ADF     EQU    2			RMI #1 PTR ADF
  <00000000>   250.  ILINKPWR     EQU    0			1=LINKAGE POWER ON
  <000002D3>   251.  IMPSDI2      EQU    $000002D3		PANEL SWITCHES #2
  <00000007>   252.  IPARKBK      EQU    7			PARKING BRAKE ON
  <00000006>   253.  IFLAPUP      EQU    6			FLAP SWITCH UP
  <00000005>   254.  IFLAPHLF     EQU    5			FLAP SWITCH 1/2
  <00000004>   255.  IFLAPDN      EQU    4			FLAP SWITCH DOWN
  <00000003>   256.  IMONNAV1     EQU    3			MONITOR NAV1
  <00000002>   257.  IMONNAV2     EQU    2			MONITOR NAV2
  <00000001>   258.  IMONADF1     EQU    1			MONITOR ADF1
  <00000000>   259.  IXRCOM1      EQU    0			XMIT/REC COMM1
  <0000040D>   261.  INAV1F1      EQU    $0000040D		NAV1 FREQ WORD 1
  <00000007>   262.  I117NAV1     EQU    7			NAV1 117
  <00000006>   263.  I116NAV1     EQU    6			NAV1 116
  <00000005>   264.  I115NAV1     EQU    5			NAV1 115
  <00000004>   265.  I114NAV1     EQU    4			NAV1 114
  <00000003>   266.  I113NAV1     EQU    3			NAV1 113
  <00000002>   267.  I112NAV1     EQU    2			NAV1 112
  <00000001>   268.  I111NAV1     EQU    1			NAV1 111
  <00000000>   269.  I110NAV1     EQU    0			NAV1 110
  <00000411>   270.  INAV1F2      EQU    $00000411		NAV1 FREQ WORD 2
  <00000007>   271.  I109NAV1     EQU    7			NAV1 109
  <00000006>   272.  I108NAV1     EQU    6			NAV1 108
  <00000005>   273.  I9THNAV1     EQU    5			NAV1 .9
  <00000004>   274.  I8THNAV1     EQU    4			NAV1 .8
  <00000003>   275.  I7THNAV1     EQU    3			NAV1 .7
  <00000002>   276.  I6THNAV1     EQU    2			NAV1 .6
  <00000001>   277.  I5THNAV1     EQU    1			NAV1 .5
  <00000000>   278.  I4THNAV1     EQU    0			NAV1 .4
  <00000413>   279.  INAV1F3      EQU    $00000413		NAV1 FREQ WORD 3
  <00000007>   280.  I3THNAV1     EQU    7			NAV1 .3
  <00000006>   281.  I2THNAV1     EQU    6			NAV1 .2
  <00000005>   282.  I1THNAV1     EQU    5			NAV1 .1
  <00000004>   283.  I0THNAV1     EQU    4			NAV1 .0
  <00000003>   284.  INAV1ILS     EQU    3			NAV1 ILS SELECTED
  <00000002>   285.  INAV1ON      EQU    2			NAV1 POWER ON
  <00000001>   286.  INAV1ID      EQU    1			NAV1 ID ON
  <00000401>   287.  INAV1VOL     EQU    $00000401		NAV1 VOLUME
  <00000409>   288.  ICOM1SQ      EQU    $00000409		COMM1 SQUELCH
  <00000405>   289.  ICOM1VOL     EQU    $00000405		COMM1 VOLUME
  <0000042D>   291.  INAV2F1      EQU    $0000042D		NAV2 FREQ WORD 1
  <00000007>   292.  I117NAV2     EQU    7			NAV2 117
  <00000006>   293.  I116NAV2     EQU    6			NAV2 116
  <00000005>   294.  I115NAV2     EQU    5			NAV2 115
  <00000004>   295.  I114NAV2     EQU    4			NAV2 114
  <00000003>   296.  I113NAV2     EQU    3			NAV2 113
  <00000002>   297.  I112NAV2     EQU    2			NAV2 112
  <00000001>   298.  I111NAV2     EQU    1			NAV2 111
  <00000000>   299.  I110NAV2     EQU    0			NAV2 110
  <00000431>   300.  INAV2F2      EQU    $00000431		NAV2 FREQ WORD 2
  <00000007>   301.  I109NAV2     EQU    7			NAV2 109
  <00000006>   302.  I108NAV2     EQU    6			NAV2 108
  <00000005>   303.  I9THNAV2     EQU    5			NAV2 .9
  <00000004>   304.  I8THNAV2     EQU    4			NAV2 .8
  <00000003>   305.  I7THNAV2     EQU    3			NAV2 .7
  <00000002>   306.  I6THNAV2     EQU    2			NAV2 .6
  <00000001>   307.  I5THNAV2     EQU    1			NAV2 .5
  <00000000>   308.  I4THNAV2     EQU    0			NAV2 .4
  <00000433>   309.  INAV2F3      EQU    $00000433		NAV2 FREQ WORD 3
  <00000007>   310.  I3THNAV2     EQU    7			NAV2 .3
  <00000006>   311.  I2THNAV2     EQU    6			NAV2 .2
  <00000005>   312.  I1THNAV2     EQU    5			NAV2 .1
  <00000004>   313.  I0THNAV2     EQU    4			NAV2 .0
  <00000003>   314.  INAV2ILS     EQU    3			NAV2 ILS SELECTED
  <00000002>   315.  INAV2ON      EQU    2			NAV2 POWER ON
  <00000001>   316.  INAV2ID      EQU    1			NAV2 ID ON
  <00000421>   317.  INAV2VOL     EQU    $00000421		NAV2 VOLUME
  <00000429>   318.  ICOM2SQ      EQU    $00000429		COMM2 SQUELCH
  <00000425>   319.  ICOM2VOL     EQU    $00000425		COMM2 VOL
  <00000449>   321.  OADF1TM      EQU    $00000449		ADF1 TUNING METER
  <00000441>   322.  IADF1VOL     EQU    $00000441		ADF1 VOLUME
  <00000445>   323.  IADF1FRQ     EQU    $00000445		ADF1 FREQ
  <0000044D>   324.  IADF1DI      EQU    $0000044D		ADF1 CONTROL DISCRETE IN
  <00000007>   325.  IADF1B1      EQU    7			ADF BAND 1 190 TO 430
  <00000006>   326.  IADF1B2      EQU    6			ADF BAND 2 420 TO 850
  <00000005>   327.  IADF1B3      EQU    5			ADF BAND 3 840 TO 1750
  <00000004>   328.  IADF1TST     EQU    4			ADF1 TEST
  <00000003>   329.  IADF1REC     EQU    3			ADF1 RECEIVE MODE
  <00000002>   330.  IADF1ADF     EQU    2			ADF1 ADF MODE
  <00000001>   331.  IADF1MKR     EQU    1			ADF1 MARKER ON
  <000004B5>   333.  ORMIHS	     EQU    $000004B5		RMI SIN MAG HEADING
  <000004B1>   334.  ORMIHC	     EQU    $000004B1		RMI COS MAG HEADING
  <00000451>   336.  ONAV1LR      EQU    $00000451		NAV1 COURSE DEVIATION
  <00000459>   337.  ONAV1GS      EQU    $00000459		NAV1 GLIDE SLOPE DEV.
  <00000455>   338.  ONAV1TF      EQU    $00000455		NAV1 TO/OFF/FROM
  <00000461>   339.  ICRS1SC      EQU    $00000461		COURSE SEL 1 SIN/COS
  <00000465>   340.  OCDI1DO      EQU    $00000465		CDI 1 DISCRETE OUT
  <00000000>   341.  OCRS1SEL     EQU    0			COURSE SEL 1 EXCITATION
  <00000001>   342.  ONAV1GSF     EQU    1			NAV1 G/S FLAG 00V
  <00000467>   343.  ICRS1DI      EQU    $00000467		CDI 1 DISCRETE IN
  <00000007>   344.  INAV1TST     EQU    7			NAV 1 TEST
  <00000471>   346.  ONAV2LR      EQU    $00000471		NAV2 COURSE DEVIATION
  <00000479>   347.  ONAV2GS      EQU    $00000479		NAV2 GLIDE SLOPE DEV.
  <00000475>   348.  ONAV2TF      EQU    $00000475		NAV2 TO/OFF/FROM
  <00000481>   349.  ICRS2SC      EQU    $00000481		COURSE SEL 2 SIN/COS
  <00000485>   350.  OCDI2DO      EQU    $00000485		CDI 2 DISCRETE OUT
  <00000000>   351.  OCRS2SEL     EQU    0			COURSE SEL 2 EXCITATION
  <00000001>   352.  ONAV2GSF     EQU    1			NAV2 G/S FLAG 00V
  <00000487>   353.  ICRS2DI      EQU    $00000487		CDI 2 DISCRETE IN
  <00000007>   354.  INAV2TST     EQU    7			NAV 2 TEST
  <000004A9>   356.  ORMI1S	     EQU    $000004A9		RMI SIN #1 PTR
  <000004A5>   357.  ORMI1C	     EQU    $000004A5		RMI COS #1 PTR
  <000004A1>   358.  ORMI2S	     EQU    $000004A1		RMI SIN #2 PTR
  <00000499>   359.  ORMI2C	     EQU    $00000499		RMI COS #2 PTR
  <00000601>   361.  IINSTAI1     EQU    $00000601		INSTRUCTOR #1 AI
  <00000605>   362.  IINSTAI2     EQU    $00000605		INSTRUCTOR #2 AI
  <00000609>   363.  IAI1MPX      EQU    $00000609		MULTIPLEXER #1
  <0000060B>   364.  IAI2MPX      EQU    $0000060B		MULTIPLEXER #2
  <0000061B>   365.  IINSTDI1     EQU    $0000061B		INSTRUCTOR #1 DI
  <00000007>   366.  IBFIELD      EQU    7			B FIELD SELECTED
  <00000003>   367.  IENGFAIL     EQU    3			ENGINE FAIL
  <00000002>   368.  IPITON	     EQU    2			PITCH MOTION ON
  <00000001>   369.  IROLLON      EQU    1			ROLL MOTION ON
  <00000000>   370.  IYAWON	     EQU    0			YAW MOTION ON
  <00000619>   371.  IFAIL1	     EQU    $00000619		INSTRUCTER FAIL #1
  <00000007>   372.  IDGFAIL      EQU    7			DG FAIL
  <00000006>   373.  IATGFAIL     EQU    6			ATTITUDE IND FAIL
  <00000005>   374.  IIASFAIL     EQU    5			AIRSPEED IND FAIL
  <00000004>   375.  IALTFAIL     EQU    4			ALTIMETER FAIL
  <00000003>   376.  IRCFAIL      EQU    3			RATE OF CLIMB IND FAIL
  <00000002>   377.  ITNFAIL      EQU    2			TURN NEEDLE FAIL
  <00000001>   378.  IVL2FAIL     EQU    1			VOR/LOC 2  FAIL
  <00000000>   379.  IVL1FAIL     EQU    0			VOR/LOC 1  FAIL
  <0000061D>   380.  IRCDRDI      EQU    $0000061D		RECORDER DI
  <00000007>   381.  ISLEWN	     EQU    7			SLEW NORTH
  <00000006>   382.  ISLEWS	     EQU    6			SLEW SOUTH
  <00000005>   383.  ISLEWE	     EQU    5			SLEW EAST
  <00000004>   384.  ISLEWW	     EQU    4			SLEW WEST
  <00000003>   385.  IAPPR2	     EQU    3			APPROACH 2 SELECTED
  <00000002>   386.  IAPPR1	     EQU    2			APPROACH 1 SELECTED
  <00000001>   387.  ICCMODE      EQU    1			CROSS COUNTRY SELECTED
  <00000000>   388.  IPOSFRZ      EQU    0			POSITION FREEZE
  <00000611>   389.  ORCDNSD      EQU    $00000611		(A/0)+10V=7.5 IN NORTH,-10V
  <00000615>   390.  ORCDEWD      EQU    $00000615		(A/0)+10V=7.5 IN EAST,-10V=
  <0000061F>   391.  IFAIL2	     EQU    $0000061F		INSTRUCTER FAIL #2
  <00000007>   392.  IGSFAIL      EQU    7			GLIDESLOPE FAIL
  <00000006>   393.  ILF1FAIL     EQU    6			ADF FAIL
  <00000621>   395.  OMOTPITR     EQU    $00000621		MOTION PITCH RATE     +10V=
  <00000625>   396.  OMOTROLR     EQU    $00000625		MOTION ROLL RATE      +10V=
  <00000629>   397.  OMOTTRNR     EQU    $00000629		MOTION TURN RATE      +10V=
  <00000639>   398.  ICPHDGS      EQU    $00000639		SIN COCKPIT HEADING   +10V=
  <0000063D>   399.  ICPHDGC      EQU    $0000063D		COS COCKPIT HEADING   +10V=
  <00000631>   400.  ICPPITS      EQU    $00000631		SIN COCKPIT PITCH     +10V=
  <00000635>   401.  ICPROLS      EQU    $00000635		SIN COCKPIT ROLL      +10V=
  <0000062D>   402.  IINSTMDI     EQU    $0000062D		INSTRUCTER CONTROL DI	  CAR
  <00000007>   403.  IALTFRZ      EQU    7			ALTITUDE FREEZE
  <00000006>   404.  IALTSUP      EQU    6			ALTITUDE SLEW UP
  <00000005>   405.  IALTSDN      EQU    5			ALTITUDE SLEW DOWN
  <00000004>   406.  IFLTFRZ      EQU    4			FLIGHT FREEZE
  <00000003>   407.  IENGFIR      EQU    3			ENGINE FIRED BYPASS
  <00000002>   408.  IMODE1	     EQU    2			MODE 1
  <00000001>   409.  IMODE2	     EQU    1			MODE 2
  <00000000>   410.  IMODE3	     EQU    0			MODE 3
  <00000651>   412.  ONV1RNKY     EQU    $00000651		NAV1 RNG ATT/KEY
  <00000655>   413.  ONV1WNL      EQU    $00000655		NAV1 WHITE NOISE LEVEL
  <00000659>   414.  ODM1RNKY     EQU    $00000659		DME1 RNG ATT/KEY
  <0000065D>   415.  ONV1VOL      EQU    $0000065D		NAV1 VOLUME LEVEL
  <0000064D>   416.  ODMECTL      EQU    $0000064D		NAV  DME CONTROL
  <00000007>   417.  ODM1SEP      EQU    7			NAV1 DME SEPARATE
  <00000006>   418.  ODM2SEP      EQU    6			NAV2 DME SEPARATE
  <00000653>   419.  ONV2RNKY     EQU    $00000653		NAV2 RNG ATT/KEY
  <00000657>   420.  ONV2WNL      EQU    $00000657		NAV2 WHITE NOISE LEVEL
  <0000065B>   421.  ODM2RNKY     EQU    $0000065B		DME2 RNG ATT/KEY
  <0000065F>   422.  ONV2VOL      EQU    $0000065F		NAV2 VOLUME LEVEL
  <00000641>   423.  OLF1RNKY     EQU    $00000641		ADF1 RNG ATT/KEY
  <00000645>   424.  OLF1WNL      EQU    $00000645		ADF1 WHITE NOISE LEVEL
  <00000649>   425.  OLF1VOL      EQU    $00000649		ADF1 VOLUME LEVEL
  <00000643>   426.  OLF2RNKY     EQU    $00000643		ADF2 RNG ATT/KEY
  <00000647>   427.  OLF2WNL      EQU    $00000647		ADF2 WHITE NOISE LEVEL
  <0000064B>   428.  OLF2VOL      EQU    $0000064B		ADF2 VOLUME LEVEL
  <00000663>   430.  OOMRAKY      EQU    $00000663		OM RANGE/KEY
  <00000665>   431.  OMMRAKY      EQU    $00000665		MM RANGE/KEY
  <00000667>   432.  OAMRAKY      EQU    $00000667		AM RANGE/KEY
  <00000669>   433.  OMKRTST      EQU    $00000669		MARKER TEST
  <0000066B>   434.  OMKRVOL      EQU    $0000066B		MKR VOLUME
  <00000661>   435.  OMKRDO	     EQU    $00000661		MKR DISCRETE OUT
  <00000007>   436.  OOMFAIL      EQU    7			OM FAIL
  <00000006>   437.  OOMRAATT     EQU    6			OM RANGE ATT.
  <00000005>   438.  OMMFAIL      EQU    5			MM FAIL
  <00000004>   439.  OMMRAATT     EQU    4			MM RANGE ATT.
  <00000003>   440.  OAMFAIL      EQU    3			AM FAIL
  <00000002>   441.  OAMRAATT     EQU    2			AM RANGE ATT.
  <00000001>   442.  OMKRLTST     EQU    1			MKR LAMP TEST
  <0000068B>   444.  OATTEN1      EQU    $0000068B		ATTEN 1 EXHAUST NOISE
  <00000681>   445.  OFUNCTA      EQU    $00000681		CARD 23 HIGH BYTE
  <00000683>   446.  OFUNCT1      EQU    $00000683		FUNCT 1 RPM
  <00000685>   447.  OFUNCT5      EQU    $00000685		FUNCT 5 SPARE
  <0000068D>   448.  OATTEN5      EQU    $0000068D		ATTEN 5 SPARE
  <00000687>   449.  OFUNCT6      EQU    $00000687		FUNCT 6 STALL WARN
  <00000691>   450.  OATTEN6      EQU    $00000691		ATTEN 6 STALL WARN
  <00000689>   451.  OFUNCT8      EQU    $00000689		FUNCT 8 TIRE SCREECH
  <00000693>   452.  OATTEN8      EQU    $00000693		ATTEN 8 TIRE SCREECH
  <00000695>   453.  OATTEN9      EQU    $00000695		ATTEN 9 INST. VOL
  <00000697>   454.  OATTEN10     EQU    $00000697		ATTEN 10 PROP HISS
  <00000699>   455.  OATTEN11     EQU    $00000699		ATTEN 11 AERO HISS
  <000006E1>   457.  OFUNCTB      EQU    $000006E1		CARD 24 HIGH BYTE
  <000006E3>   458.  OFUNCT2      EQU    $000006E3		FUNCT 2 HISS
  <000006EB>   459.  OATTEN2      EQU    $000006EB		ATTEN 2 HISS
  <000006E5>   460.  OFUNCT3      EQU    $000006E5		FUNCT 3 RUMBLE
  <000006ED>   461.  OATTEN3      EQU    $000006ED		ATTEN 3 RUMBLE
  <000006E7>   462.  OFUNCT4      EQU    $000006E7		FUNCT 4 SPARE
  <000006F1>   463.  OATTEN4      EQU    $000006F1		ATTEN 4 SPARE
  <000006E9>   464.  OFUNCT7      EQU    $000006E9		FUNCT 7 AERO HISS
  <000006F3>   465.  OATTEN7      EQU    $000006F3		ATTEN 7 AERO HISS
  <000006B1>   467.  OCOM1SQ      EQU    $000006B1		COMM1 SQ CONTROL
  <000006B5>   468.  OCOM1IVL     EQU    $000006B5		COMM1 INST. VOICE LEVEL
  <00000003>   469.  OC1SXMIT     EQU    3			COMM1 STUDENT XMIT
  <000006B9>   470.  OCOM1VOL     EQU    $000006B9		COMM1 VOLUME LEVEL
  <000006B3>   471.  OCOM2SQ      EQU    $000006B3		COMM2 SQ CONTROL
  <000006B7>   472.  OCOM2IVL     EQU    $000006B7		COMM2 INST. VOICE LEVEL
  <00000002>   473.  OC2SXMIT     EQU    2			COMM2 STUDENT XMIT
  <000006BB>   474.  OCOM2VOL     EQU    $000006BB		COMM2 VOLUME CONTROL
  <000006BD>   475.  OSMIKEVL     EQU    $000006BD		STUDENT MIKE COMM LEVEL
  <000006CF>   476.  IMICPTT      EQU    $000006CF		MIKE PTT
  <00000007>   477.  ISMICPTT     EQU    7			STUDENT MIKE PTT
  <00000006>   478.  IIMICPTT     EQU    6			INSTRUCTOR MIKE PTT
  <000006C1>   479.  OSINPHVL     EQU    $000006C1		STUDENT INPH. LEVEL
  <000006C3>   480.  OIINPHVL     EQU    $000006C3		INSTRUCTOR INPH. LEVEL
  <000006C5>   481.  OSLISTVL     EQU    $000006C5		STUDENT VOLUME LEVEL
  <000006C9>   482.  OASCONT1     EQU    $000006C9		AUDIO SELECT CONTROL 1
  <00000007>   483.  OSSCOM1N     EQU    7			STUDENT SEL COMM1 (NOT)
  <00000006>   484.  OSSCOM2N     EQU    6			STUDENT SEL COMM2 (NOT)
  <00000005>   485.  OSSINPHN     EQU    5			STUDENT SEL INPH.(NOT)
  <00000004>   486.  OSSMKRN      EQU    4			STUDENT SEL MARKER (NOT)
  <00000003>   487.  OSSNAV1N     EQU    3			STUDENT SEL NAV1   (NOT)
  <00000002>   488.  OSSNAV2N     EQU    2			STUDENT SEL NAV2   (NOT)
  <00000001>   489.  OSSADF1N     EQU    1			STUDENT SEL ADF1   (NOT)
  <00000000>   490.  OSSADF2N     EQU    0			STUDENT SEL ADF2   (NOT)
  <000006CB>   491.  OASCONT2     EQU    $000006CB		AUDIO SELECT CONTROL 2
  <00000007>   492.  OSSDME1N     EQU    7			STUDENT SEL DME 1  (NOT)
  <00000006>   493.  OSSDME2N     EQU    6			STUDENT SEL DME 2  (NOT)
  <00000005>   494.  OSSSPA1N     EQU    5			STUDENT SEL SPARE  (NOT)
  <00000004>   495.  OSSSPA2N     EQU    4			STUDENT SEL SPARE  (NOT)
  <000006C7>   496.  OILISTVL     EQU    $000006C7		INSTRUCTOR VOLUME LEVEL
  <000006CD>   497.  OASCONT3     EQU    $000006CD		AUDIO SELECT CONTROL 3
  <00000007>   498.  OISCOM1N     EQU    7			INST. SEL COMM1   (NOT)
  <00000006>   499.  OISCOM2N     EQU    6			INST. SEL COMM2   (NOT)
  <00000005>   500.  OISSTN	     EQU    5			INST. SEL SIDE TONE (NOT)
  <00000004>   501.  OISMONTN     EQU    4			INST. SEL MONITOR   (NOT)
  <00000003>   502.  OISINPHN     EQU    3			INST. SEL INPH.     (NOT)
  <00000002>   503.  OISSPA1N     EQU    2			INST. SEL SPARE     (NOT)
  <00000001>   504.  OISSPA2N     EQU    1			INST. SEL SPARE     (NOT)
  <00000000>   505.  OISSPA3N     EQU    0			INST. SEL SPARE     (NOT)
  <00000002>   507.  NJNFAC   EQU     2                   NUMBER OF PRESELECT A
    0 Errors detected
STN	     EQU    5			INST. SEL SIDE TONE (NOT)
  <00000004>   501.  OISMONTN     EQU    4			INST. SEL MONITOR   (NOT)
  <00000003>   502.  OISINPHN     EQU    3			INST. SEL INPH.     (NOT)
  <00000002>   503.  OISSPA1N     EQU    2			INST. SEL SPARE     (NOT)
  <00000001>   504