Quelo   ...M68K D2.0C  3/12/85   ...Run on Dec 4, 2025  13:47:29
D:DEBUG.A68 , D:DEBUG.ERR = D:DEBUG.SA

  <00000000>    79.  DSBNAME  EQU	    0	    NAME OF SYMBOL
  <00000008>    80.  DSBADDR  EQU	    8	    ADDRESS OF SYMBOL
  <0000000C>    81.  DSBLEN	 EQU	   12	    LENGTH OF SYMBOL
  <0000000D>    82.  DSBTYPE  EQU	   13	    TYPE OF SYMBOL
  <0000000E>    83.  DSBUPD	 EQU	   14	    UPDATE FLAG
  <0000000F>    84.  DSBSCALE EQU	   15	    SCALE CODE
  <00000010>    85.  DSBDATA1 EQU	   16	    DATA
  <00000014>    86.  DSBDATA2 EQU	   20	    DATA N-1
  <00000018>    87.  DSBARRAY EQU	   24	    ARRAY CODE (0=NO ARRAY DISPLAY,
  <00000000>    94.  MMFLAG	 EQU	    0	    MEMORY MODIFY FLAG
  <00000001>    95.  MMTYPE	 EQU	    1	    MEMORY MODIFY TYPE CODE
  <00000002>    96.  MMNEGFLG EQU	    2	    MEMORY MODIFY NEGATE FLAG
  <00000003>    97.  MMLEN	 EQU	    3	    MEMORY MODIFY LENGTH CODE
  <00000004>    98.  TBUFF	 EQU	    4	    TEMP BUFFER
  <00000014>    99.  SBUFF	 EQU	   20	    SYMBOL BUFFER
  <0000001C>   100.  MMADDR	 EQU	   28	    ADDRESS OF CURENT MEMORY MODIFY
  <00000020>   101.  NOTFIRST EQU	   32	    FIRST PASS FLAG
  <00000021>   102.  DCNEG	 EQU	   33	    DC COMMAND NAGATE FLAG
  <00000022>   103.  MMSCALE  EQU	   34	    MEMORY MODIFY SCALE CODE
  <00000023>   104.  MMARRAY  EQU	   35	    MEMORY MODIFY ARRAY CODE
  <00000F00>   112.  DSEG	  EQU	$00000F00 L 001 L H   DEBUG DATA SEGMENT ADDRES
  <00000F04>   113.  DBUFF	  EQU	$00000F04 B 080 L H   DEBUG INPUT BUFFER
  <00000F54>   114.  DBUFFPTR  EQU	$00000F54 L 001 L H   DEBUG INPUT BUFFER POI
  <00000F58>   115.  DBUFFCNT  EQU	$00000F58 B 001 L H   DEBUG INPUT BUFFER COU
  <00000F59>   116.  DBUFFLNE  EQU	$00000F59 B 001 L H   DEBUG INPUT BUFFER LIN
  <00000F5A>   117.  DBUFFCHG  EQU	$00000F5A B 001 L H   DEBUG INPUT BUFFER CHA
  <00000F5B>   118.  D400I	  EQU	$00000F5B B 001 L H   DEBUG MVME400 INSTALLED 
  <00000F5C>   119.  DLIST	  EQU	$00000F5C L 128 L H   DEBUG DISPLAY LIST
  <0000115C>   120.  DCOUNT	  EQU	$0000115C W 001 L H   DEBUG DISPLAY LIST COUN
  <0000115E>   121.  DSPARE2   EQU	$0000115E W 001 L H   DEBUG SPARE WORD
  <00001160>   122.  TFRAME	  EQU	$00001160 L 001 L D   FRAME TIME ACTUAL
  <00001164>   123.  TFRAMEA   EQU	$00001164 L 001 L D   FRAME TIME AVERAGE
  <00001168>   124.  TFRAMEW   EQU	$00001168 L 001 L D   FRAME TIME WORST
  <0000116C>   125.  TMODULE   EQU	$0000116C W 016 L D   MODULE TIMES ACTUAL
  <0000118C>   126.  TMODULEA  EQU	$0000118C W 016 L D   MODULE TIMES AVERAGE
  <000011AC>   127.  TMODULEW  EQU	$000011AC W 016 L D   MODULE TIMES WORST
  <000011CC>   128.  DSPARE	  EQU	$000011CC L 032 L H   DEBUG SPARE LONG WORDS
  <00000008>   135.  BS	 EQU	   $08		       BACK SPACE
  <0000000D>   136.  CR	 EQU	   $0D		       CARIAGE RETURN
  <0000000A>   137.  LF	 EQU	   $0A		       LINE FEED
  <00000020>   138.  SPACE	 EQU	   $20		       SPACE
  <0000002C>   139.  COMMA	 EQU	   $2C		       COMMA
  <00000007>   140.  BELL	 EQU	   $07		       BELL TONE
  <00F03A72>   142.  PNT8HX	 EQU	   $F03A72	       VEMbug BINARY LONG TO HEX
  <00F03A80>   143.  PNT4HX	 EQU	   $F03A80	       VEMbug BINARY WORD TO HEX
  <00F03A88>   144.  PNT2HX	 EQU	   $F03A88	       VEMbug BINARY BYTE TO HEX
  <00F032B4>   145.  HEX2DEC  EQU	   $F032B4	       VEMbug BINARY LONG TO DECIM
  <00FE61C9>  1851.  NECA	 EQU	   $FE61C9	       NEC PORT A
  <00FE61CB>  1852.  NECB	 EQU	   $FE61CB	       NEC PORT B
    0 Errors detected
00007>   140.  BELL	 EQU	   $07		       BELL TONE
  <00F03A72>   142.  PNT8HX	 EQU