Quelo   ...M68K D2.0C  3/12/85   ...Run on Dec 4, 2025  13:47:24
D:EXEC.A68 , D:EXEC.ERR = D:EXEC.SA

  <00000F00>   124.  DSEG	  EQU	$00000F00 L 001 L H   DEBUG DATA SEGMENT ADDRES
  <00000F04>   125.  DBUFF	  EQU	$00000F04 B 080 L H   DEBUG INPUT BUFFER
  <00000F54>   126.  DBUFFPTR  EQU	$00000F54 L 001 L H   DEBUG INPUT BUFFER POI
  <00000F58>   127.  DBUFFCNT  EQU	$00000F58 B 001 L H   DEBUG INPUT BUFFER COU
  <00000F59>   128.  DBUFFLNE  EQU	$00000F59 B 001 L H   DEBUG INPUT BUFFER LIN
  <00000F5A>   129.  DBUFFCHG  EQU	$00000F5A B 001 L H   DEBUG INPUT BUFFER CHA
  <00000F5B>   130.  D400I	  EQU	$00000F5B B 001 L H   DEBUG MVME400 INSTALLED 
  <00000F5C>   131.  DLIST	  EQU	$00000F5C L 128 L H   DEBUG DISPLAY LIST
  <0000115C>   132.  DCOUNT	  EQU	$0000115C W 001 L H   DEBUG DISPLAY LIST COUN
  <0000115E>   133.  DSPARE2   EQU	$0000115E W 001 L H   DEBUG SPARE WORD
  <00001160>   134.  TFRAME	  EQU	$00001160 L 001 L D   FRAME TIME ACTUAL
  <00001164>   135.  TFRAMEA   EQU	$00001164 L 001 L D   FRAME TIME AVERAGE
  <00001168>   136.  TFRAMEW   EQU	$00001168 L 001 L D   FRAME TIME WORST
  <0000116C>   137.  TMODULE   EQU	$0000116C W 016 L D   MODULE TIMES ACTUAL
  <0000118C>   138.  TMODULEA  EQU	$0000118C W 016 L D   MODULE TIMES AVERAGE
  <000011AC>   139.  TMODULEW  EQU	$000011AC W 016 L D   MODULE TIMES WORST
  <000011CC>   140.  DSPARE	  EQU	$000011CC L 032 L H   DEBUG SPARE LONG WORDS
  <000F0000>   222.  MTIMER	 EQU	   $F0000	       MODULE TIMER #1
  <00F03A72>   224.  PNT8HX	 EQU	   $F03A72	       PNT8HX ENTRY POINT
  <00F032B4>   225.  HEX2DEC  EQU	   $F032B4	       HEX2DEC ENTRY POINT
  <00F03CC0>   226.  OUT1CR	 EQU	   $F03CC0	       OUT1CR ENTRY POINT
  <00FE8013>   228.  CR2	 EQU	   $FE8013	       CONTROL REG. 2
  <00FE8011>   229.  CR13	 EQU	   $FE8011	       CONTROL REG. 1/3
  <00FE8015>   230.  BRH	 EQU	   $FE8015	       BUFFER REG. HIGH BYTE
  <00FE801F>   231.  BR3L	 EQU	   $FE801F	       TIMER #3 LATCH LOW BYTE
  <00FE801D>   232.  RT3C	 EQU	   $FE801D	       TIMER #3 COUNTER REG.
  <00FE8001>   234.  ACIAC	 EQU	   $FE8001	       ACIA CONTROL & STATUS REGISTE
  <00FE8003>   235.  ACIAD	 EQU	   $FE8003	       ACIA DATA REGISTERS
  <00FE8031>   237.  MSR	 EQU	   $FE8031	       MODULE STATUS REGISTER
  <00FE61C9>   239.  NECA	 EQU	   $FE61C9	       NEC SERIAL PORT A
  <00FE61CB>   240.  NECB	 EQU	   $FE61CB	       NEC SERIAL PORT B
  <00000080>   491.  TCBSIZE  EQU	   $80		       128 BYTES FOR EACH TCB
    0 Errors detected
2.  RT3C	 EQU	   $FE801D	       TIM