Quelo   ...M68K D2.0C  3/12/85   ...Run on Dec 4, 2025  13:48:41
D:NAV1.A68 , D:NAV1.ERR = D:NAV1.SA

  <0000147A>    24.  FALPHA	  EQU	$0000147A L 001 L S25  ANGLE OF ATTACK (DEGRE
  <0000147E>    25.  FBALL	  EQU	$0000147E L 001 L S20  IND BALL WIDTHS/1.6  AT
  <00001482>    26.  FBETA	  EQU	$00001482 L 001 L S25  SIDE SLIP ANGLE(DEGREES
  <00001486>    27.  FHF	  EQU	$00001486 L 001 L S17  GEOMETRIC FIELD ELEV(FT)A
  <0000148A>    28.  FHGGND	  EQU	$0000148A L 001 L S17  FLT HEIGHT ABOVE GROUN
  <0000148E>    29.  FHFP	  EQU	$0000148E L 001 L S17  FIELD PRESSURE ALTITUDE(
  <00001492>    30.  FHP	  EQU	$00001492 L 001 L S17  PRESSURE ALTITUDE(FT)AT 2
  <00001496>    31.  FLAMBDA   EQU	$00001496 L 001 L S24  LAMBDA(BALL ANGLE)(DE
  <0000149A>    32.  FPA	  EQU	$0000149A L 001 L S22  ROLL RATE(DEG/SEC)AT 2-22
  <0000149E>    33.  FPHI	  EQU	$0000149E L 001 L S22  BANK ANGLE(DEGREES)AT 2-
  <000014A2>    34.  FPHIFRZ   EQU	$000014A2 L 001 L S22  FROZEN BANK ANGLE AT 
  <000014A6>    35.  FPSI	  EQU	$000014A6 L 001 L S22  HEADING ANGLE(DEGREES)AT
  <000014AA>    36.  FQA	  EQU	$000014AA L 001 L S25  PITCH RATE(DEG/SEC)AT 2-2
  <000014AE>    37.  FRA	  EQU	$000014AE L 001 L S25  RATE OF TURN(DEG/SEC)AT 2
  <000014B2>    38.  FRCHOLD   EQU	$000014B2 L 001 L S22  RATE OF CLIMB HOLD IN
  <000014B6>    39.  FRCLIMB   EQU	$000014B6 L 001 L S22  INDICATED RATE OF CLI
  <000014BA>    40.  FROLLHLD  EQU	$000014BA L 001 L S22  BANK HOLD INTEGRATER 
  <000014BE>    41.  FRCLIMB1  EQU	$000014BE L 001 L S03  RATE OF CLIMB (FEET/M
  <000014C2>    42.  FHG	  EQU	$000014C2 L 001 L S17  GEOMETRIC ALTITUDE AT 2-1
  <000014C6>    43.  FTEMP3	  EQU	$000014C6 L 001 L S03  FLIGHT SPARE
  <000014CA>    44.  FTEMP4	  EQU	$000014CA L 001 L S04  FLIGHT SPARE
  <000014CE>    45.  FTEMP5	  EQU	$000014CE L 001 L S05  FLIGHT SPARE
  <000014D2>    46.  FTEMP6	  EQU	$000014D2 L 001 L S06  FLIGHT SPARE
  <000014D6>    47.  FTHETA	  EQU	$000014D6 L 001 L S25  PITCH ANGLE(DEGREES)AT
  <000014DA>    48.  FUEW	  EQU	$000014DA L 001 L S21  NORTH/SOUTH GROUND VEL.(
  <000014DE>    49.  FVCAL	  EQU	$000014DE L 001 L S22  INDICATED AIRSPEED(FT/S
  <000014E2>    50.  FVEW	  EQU	$000014E2 L 001 L S21  EAST/WEST GROUND VEL.(FT
  <000014E6>    51.  FVP	  EQU	$000014E6 L 001 L S22  TRUE AIRSPEED(FT/SEC)AT 2
  <000014EA>    52.  FVPGND	  EQU	$000014EA L 001 L S21  TRUE GROUND VELOCITY(F
  <000014EE>    53.  FALPHDOT  EQU	$000014EE W 001 L S07  RATE OF CHANGE OF ANG
  <000014F0>    54.  FAZA	  EQU	$000014F0 W 001 L S12  VERTICAL ACCELERATION (G
  <000014F2>    55.  FAZADOT   EQU	$000014F2 W 001 L S12  RATE OF CHANGE OF AZA
  <000014F4>    56.  FBETADOT  EQU	$000014F4 W 001 L S07  RATE OF CHANGE OF SID
  <000014F6>    57.  FCG	  EQU	$000014F6 W 001 L S09  CENTER OF GRAVITY(%)AT 2-
  <000014F8>    58.  FCL	  EQU	$000014F8 W 001 L S13  LIFT COEFFICIENT AT 2-13
  <000014FA>    59.  FCOSALPH  EQU	$000014FA W 001 L S15  COSINE OF ANGLE OF AT
  <000014FC>    60.  FCOSPHI   EQU	$000014FC W 001 L S15  COSINE OF BANK ANGLE 
  <000014FE>    61.  FCOSPSI   EQU	$000014FE W 001 L S15  COSINE OF HEADING ANG
  <00001500>    62.  FCOSPSIW  EQU	$00001500 W 001 L S15  COSINE CORRECTED WIND
  <00001502>    63.  FCOSTHET  EQU	$00001502 W 001 L S15  COSINE OF PITCH ANGLE
  <00001504>    64.  FDELAIL   EQU	$00001504 W 001 L S14  AILERON DEFLECTION(NO
  <00001506>    65.  FDELEV	  EQU	$00001506 W 001 L S14  ELEVATOR DEFLECTION (N
  <00001508>    66.  FDELRUD   EQU	$00001508 W 001 L S14  RUDDER DEFLECTION(NOR
  <0000150A>    67.  FDELTATK  EQU	$0000150A W 001 L S09  AIR TEMP DELTA TK (DE
  <0000150C>    68.  FELTRIM   EQU	$0000150C W 001 L S14  STAB TRIM(NORMALIZED)
  <0000150E>    69.  FFLAPS	  EQU	$0000150E W 001 L S14  FLAP POSITION(NORMALIZ
  <00001510>    70.  FFXA	  EQU	$00001510 W 001 L S03  AERO DRAG(QSCD)(LBS)AT 2
  <00001512>    71.  FFZA	  EQU	$00001512 W 001 L S02  VERTICAL FORCE(LBS)DOWN 
  <00001514>    72.  FGAMMA	  EQU	$00001514 W 001 L S10  FLIGHT PATH ELEVATION 
  <00001516>    73.  FHDOT	  EQU	$00001516 W 001 L S06  RATE OF CLIMB(FT/SEC)AT
  <00001518>    74.  FICOSPHI  EQU	$00001518 W 001 L S15  COSINE(INDICATER BANK
  <0000151A>    75.  FISINPHI  EQU	$0000151A W 001 L S15  SINE(INDICATER BANK A
  <0000151C>    76.  FLAMDOT   EQU	$0000151C W 001 L S08  RATE OF CHANGE OF LAM
  <0000151E>    77.  FMPX	  EQU	$0000151E W 001 L S01  MULTIPLEX COUNTER AT 2-1
  <00001520>    78.  FPADOT	  EQU	$00001520 W 001 L S06  ROLL RATE DOT(DEG/SEC.
  <00001522>    79.  FPBAR	  EQU	$00001522 W 001 L S10  TOTAL BARO PRESSURE(INC
  <00001524>    80.  FPSIDOT   EQU	$00001524 W 001 L S08  RATE OF CHANGE OF HEA
  <00001526>    81.  FQ	  EQU	$00001526 W 001 L S06  DYNAMIC PRESSURE (LB/FT SQ
  <00001528>    82.  FQADOT	  EQU	$00001528 W 001 L S07  PITCH RATE DOT(DEG/SEC
  <0000152A>    83.  FPHIDOT   EQU	$0000152A W 001 L S08  RATE OF CHANGE OF BAN
  <0000152C>    84.  FRADOT	  EQU	$0000152C W 001 L S07  TURN RATE DOT(DEG/SEC 
  <0000152E>    85.  FRAND	  EQU	$0000152E W 001 L S15  RANDOM NUMBER AT 2-15
  <00001530>    86.  FRUFAIR   EQU	$00001530 W 001 L S06  VP*ROUGH AIR AT 2-6
  <00001532>    87.  FSINALPH  EQU	$00001532 W 001 L S15  SINE OF ANGLE OF ATTA
  <00001534>    88.  FSINGAMA  EQU	$00001534 W 001 L S15  SINE FLIGHT PATH ELEV
  <00001536>    89.  FSINPHI   EQU	$00001536 W 001 L S15  SINE BANK ANGLE AT 2-
  <00001538>    90.  FSINPSI   EQU	$00001538 W 001 L S15  SINE HEADING ANGLE AT
  <0000153A>    91.  FSINPSIW  EQU	$0000153A W 001 L S15  SINE CORRECTED WIND D
  <0000153C>    92.  FSINTHET  EQU	$0000153C W 001 L S15  SINE PITCH ANGLE AT 2
  <0000153E>    93.  FTHETDOT  EQU	$0000153E W 001 L S08  RATE OF CHANGE OF PIT
  <00001540>    94.  FTIMER10  EQU	$00001540 W 001 L S00  POWER UP TIMER AT 2-0
  <00001542>    95.  FTIMER50  EQU	$00001542 W 001 L S00  INITIALIZATION TIMER 
  <00001544>    96.  FVPDOT	  EQU	$00001544 W 001 L S08  RATE OF CHANGE OF TRUE
  <00001546>    97.  FVPINV	  EQU	$00001546 W 001 L S04  1845/VP AT 2-4
  <00001548>    98.  FVW	  EQU	$00001548 W 001 L S08  WIND VELOCITY(KNOTS)AT 2-
  <0000154A>    99.  FWG	  EQU	$0000154A W 001 L S03  GROSS WEIGHT(LBS)AT 2-3
  <0000154C>   100.  FWGINV	  EQU	$0000154C W 001 L S17  1/WT AT 2-17
  <0000154E>   101.  FWOW	  EQU	$0000154E W 001 L S12  WT ON WHEELS(G'S)AT 2-12
  <00001550>   102.  FBAROPR   EQU	$00001550 W 001 L S15  INST BARO PRESS	(A/I)
  <00001552>   103.  FRAAMPL   EQU	$00001552 W 001 L S15  INST ROUGH AIR MAGNIT
  <00001554>   104.  FENGVOL   EQU	$00001554 W 001 L S15  INST ENG SOUND VOLUME
  <00001556>   105.  FFUELQR   EQU	$00001556 W 001 L S15  INST FUEL QTY (RIGHT)
  <00001558>   106.  FFUELQL   EQU	$00001558 W 001 L S15  INST FUEL QTY (LEFT)	
  <0000155A>   107.  FCYLTP	  EQU	$0000155A W 001 L S15  INST CLL TEMP		 (A/I) 
  <0000155C>   108.  FOILTP	  EQU	$0000155C W 001 L S15  INST OIL TEMP		 (A/I) 
  <0000155E>   109.  FOILPR	  EQU	$0000155E W 001 L S15  INST OIL PRESS		 (A/I)
  <00001560>   110.  FSPARE0   EQU	$00001560 W 001 L S15  INST SPARE		 (A/I)
  <00001562>   111.  FSPARE1   EQU	$00001562 W 001 L S15  INST SPARE		 (A/I)
  <00001564>   112.  FWINDVEL  EQU	$00001564 W 001 L S15  INST WIND VELOCITY	 (
  <00001566>   113.  FWINDC	  EQU	$00001566 W 001 L S15  INST COS WIND DIRECTIO
  <00001568>   114.  FWINDS	  EQU	$00001568 W 001 L S15  INST SINE WIND DIRECTI
  <0000156A>   115.  FOAT	  EQU	$0000156A W 001 L S15  INST OUTSIDE AIR TEMP  (
  <0000156C>   116.  FGRWT	  EQU	$0000156C W 001 L S15  INST GROSS WT INPUT(A/I
  <0000156E>   117.  FCGIN	  EQU	$0000156E W 001 L S15  INST CG INPUT	 (A/I) +1
  <00001570>   118.  FALTFRZ   EQU	$00001570 B 001 L H    1=FREEZE ALTITUDE
  <00001571>   119.  FALTSDN   EQU	$00001571 B 001 L H    1=SLEW ALTITUDE DOWN
  <00001572>   120.  FALTSUP   EQU	$00001572 B 001 L H    1=SLEW ALTITUDE UP
  <00001573>   121.  FBFIELD   EQU	$00001573 B 001 L H    1=B FIELD SELECTED
  <00001574>   122.  FBRAKE	  EQU	$00001574 B 001 L H    1=PARK BRAKE APPLIED
  <00001575>   123.  FFREEZE   EQU	$00001575 B 001 L H    1=FLIGHT FREEZE
  <00001576>   124.  FINIT	  EQU	$00001576 B 001 L H    1=LOAD INITIALIZED
  <00001577>   125.  FMODE1	  EQU	$00001577 B 001 L H    1=MODE 1 (PA,RA,BETA,P
  <00001578>   126.  FMODE2	  EQU	$00001578 B 001 L H    1=MODE 2 (ALTITUDE HOL
  <00001579>   127.  FMODE3	  EQU	$00001579 B 001 L H    1=MODE 3 (BANK HOLD)
  <0000157A>   128.  FSTALL	  EQU	$0000157A B 001 L H    1=STALLED
  <0000157B>   129.  FWOG	  EQU	$0000157B B 001 L H    1=ON GROUND
  <00001594>   131.  NADF1FRQ  EQU	$00001594 L 001 L H   ADF 1 FREQUENCY
  <00001598>   132.  NADF1STA  EQU	$00001598 L 001 L H   ADF 1 STATION BUFFER A
  <0000159C>   133.  NA1IDNT1  EQU	$0000159C L 001 L H   ADF 1 IDENT WORD 1
  <000015A0>   134.  NA1IDNT2  EQU	$000015A0 L 001 L H   ADF 1 IDENT WORD 2
  <000015A4>   135.  NADF2FRQ  EQU	$000015A4 L 001 L H   ADF 2 FREQUENCY
  <000015A8>   136.  NADF2STA  EQU	$000015A8 L 001 L H   ADF 2 STATION BUFFER A
  <000015AC>   137.  NA2IDNT1  EQU	$000015AC L 001 L H   ADF 2 IDENT WORD 1
  <000015B0>   138.  NA2IDNT2  EQU	$000015B0 L 001 L H   ADF 2 IDENT WORD 2
  <000015B4>   139.  NAV1FREQ  EQU	$000015B4 L 001 L H   NAV 1 FREQUENCY		    H
  <000015B8>   140.  NAV2FREQ  EQU	$000015B8 L 001 L H   NAV 2 FREQUENCY		    H
  <000015BC>   141.  NAV1STA   EQU	$000015BC L 001 L H   NAV 1 STATION BUFFER A
  <000015C0>   142.  NAV2STA   EQU	$000015C0 L 001 L H   NAV 2 STATION BUFFER A
  <000015C4>   143.  NDIST2	  EQU	$000015C4 L 001 L S24 DISTANCE FROM CLOSEST F
  <000015C8>   144.  NGLAT	  EQU	$000015C8 L 001 L S23 AIRCRAFT LATITUDE 	    D
  <000015CC>   145.  NGLON	  EQU	$000015CC L 001 L S23 AIRCRAFT LONGITUDE	    D
  <000015D0>   146.  NV1IDNT1  EQU	$000015D0 L 001 L H   NAV 1 IDENT WORD 1
  <000015D4>   147.  NV1IDNT2  EQU	$000015D4 L 001 L H   NAV 1 IDENT WORD 2
  <000015D8>   148.  NV2IDNT1  EQU	$000015D8 L 001 L H   NAV 2 IDENT WORD 1
  <000015DC>   149.  NV2IDNT2  EQU	$000015DC L 001 L H   NAV 2 IDENT WORD 2
  <000015E0>   150.  ND1IDNT1  EQU	$000015E0 L 001 L H   DME 1 IDENT WORD 1
  <000015E4>   151.  ND1IDNT2  EQU	$000015E4 L 001 L H   DME 1 IDENT WORD 2
  <000015E8>   152.  ND2IDNT1  EQU	$000015E8 L 001 L H   DME 2 IDENT WORD 1
  <000015EC>   153.  ND2IDNT2  EQU	$000015EC L 001 L H   DME 2 IDENT WORD 2
  <000015F0>   154.  NADF1ERR  EQU	$000015F0 L 001 L H   ADF 1 FREQUENCY ERROR	
  <000015F4>   155.  NADF2ERR  EQU	$000015F4 L 001 L H   ADF 2 FREQUENCY ERROR	
  <000015F8>   156.  NRAGAS	  EQU	$000015F8 L 001 L S08 DIST ALONG RNWY HEADING
  <000015FC>   157.  NRBGAS	  EQU	$000015FC L 001 L S08 DIST ACROSS RNWY HEADIN
  <00001600>   158.  NRGAS2	  EQU	$00001600 L 001 L S11 GROUND RANGE TO STATION
  <00001604>   159.  NRRAS2	  EQU	$00001604 L 001 L S11 SLANT RANGE TO STATION 
  <00001608>   160.  NSACF	  EQU	$00001608 L 001 L H   CLOSEST AIRPORT ADDRESS
  <0000160C>   161.  NMKRSA	  EQU	$0000160C L 001 L H   ADDRESS OF NEAREST MARK
  <00001610>   162.  NDME1STA  EQU	$00001610 L 001 L H   DME1 STATION ADDRESS
  <00001614>   163.  NDME2STA  EQU	$00001614 L 001 L H   DME2 STATION ADDRESS
  <00001618>   164.  NAPTPSA   EQU	$00001618 L 001 L H   NEAREST AIRPORT PRESEL
  <0000161C>   165.  NAPTRNG2  EQU	$0000161C L 001 L S24 NEAREST AIRPORT RANGE 
  <00001620>   166.  NMKRRNG2  EQU	$00001620 L 001 L S24 NEAREST MARKER RANGE S
  <00001624>   167.  NTABNAV1  EQU	$00001624 L 001 L H   STATION ADDR OF GOOD S
  <00001628>   168.  NTABNAV2  EQU	$00001628 L 001 L H   STATION ADDR OF GOOD S
  <0000162C>   169.  NCENLAT   EQU	$0000162C L 001 L S23 MAP CENTER LAT
  <00001630>   170.  NCENLON   EQU	$00001630 L 001 L S23 MAP CENTER LON
  <00001634>   171.  NRSLEW	  EQU	$00001634 L 001 L S23 CHART RECORDER SLEW RAT
  <00001638>   172.  NRXGASL   EQU	$00001638 L 001 L S23 NRXGASL IS DELTA LAT I
  <0000163C>   173.  NRYGASL   EQU	$0000163C L 001 L S23 NRYGASL IS DELTA LON I
  <00001640>   174.  N3KBAND   EQU	$00001640 L 001 L H   3000 * ADF BAND NUMBER
  <00001644>   175.  NENGFREQ  EQU	$00001644 L 001 L H
  <00001648>   176.  NSPARE1   EQU	$00001648 L 001 L H   NAV SPARE LONG WORD 1
  <0000164C>   177.  NSPARE2   EQU	$0000164C L 001 L H   NAV SPARE LONG WORD 2
  <00001650>   178.  NSPARE3   EQU	$00001650 L 001 L H   NAV SPARE LONG WORD 3
  <00001654>   179.  NSPARE4   EQU	$00001654 L 001 L H   NAV SPARE LONG WORD 4
  <00001658>   180.  NSPARE5   EQU	$00001658 L 001 L H   NAV SPARE LONG WORD 5
  <0000165C>   181.  NSPARE6   EQU	$0000165C L 001 L H   NAV SPARE LONG WORD 6
  <00001660>   182.  NSPARE7   EQU	$00001660 L 001 L H   NAV SPARE LONG WORD 7
  <00001664>   183.  NSPARE8   EQU	$00001664 L 001 L H   NAV SPARE LONG WORD 8
  <00001668>   184.  NADF1BRG  EQU	$00001668 W 001 L S06 ADF MAG BEARING TO STA
  <0000166A>   185.  NADF1CTR  EQU	$0000166A W 001 L H   ADF TONE KFG COUNTER	 
  <0000166C>   186.  NADF1DEV  EQU	$0000166C W 001 L S06 ADF 1 DEVIATION		    D
  <0000166E>   187.  NADF1RNG  EQU	$0000166E W 001 L S00 ADF 1 STATION RANGE	  
  <00001670>   188.  NADF2RNG  EQU	$00001670 W 001 L S00 ADF 2 STATION RANGE	  
  <00001672>   189.  NADF2BRG  EQU	$00001672 W 001 L S06 ADF 2 MAG BEARING TO S
  <00001674>   190.  NADF2CTR  EQU	$00001674 W 001 L H   ADF 2 TONE KFG COUNTER
  <00001676>   191.  NADF2DEV  EQU	$00001676 W 001 L S06 ADF 2 DEVIATION		    D
  <00001678>   192.  NAV1BRG   EQU	$00001678 W 001 L S06 NAV 1 BEARING TO STATI
  <0000167A>   193.  NAV2BRG   EQU	$0000167A W 001 L S06 NAV 2 BEARING TO STATI
  <0000167C>   194.  NAV1CTR   EQU	$0000167C W 001 L H   NAV 1 KFG COUNTER 	   
  <0000167E>   195.  NAV2CTR   EQU	$0000167E W 001 L H   NAV 2 KFG COUNTER 	   
  <00001680>   196.  NAV1OBS   EQU	$00001680 W 001 L S06 NAV 1 OMNIBEARING SELE
  <00001682>   197.  NAV2OBS   EQU	$00001682 W 001 L S06 NAV 2 OMNIBEARING SELE
  <00001684>   198.  NCDI1DEG  EQU	$00001684 W 001 L S06 NAV 1 COURSE DEVIATION
  <00001686>   199.  NCDI2DEG  EQU	$00001686 W 001 L S06 NAV 2 COURSE DEVIATION
  <00001688>   200.  NGCLAT	  EQU	$00001688 W 001 L S15 COSINE OF LATITUDE
  <0000168A>   201.  NGCLATIN  EQU	$0000168A W 001 L S07 INVERSE OF NGCLAT
  <0000168C>   202.  NGFE	  EQU	$0000168C W 001 L S00 FIELD ELEVATION		    FEET
  <0000168E>   203.  NGGA	  EQU	$0000168E W 001 L S00 NAV GEOMETRIC ALTITUDE	  
  <00001690>   204.  NGS	  EQU	$00001690 W 001 L S04 NAV GROUND SPEED		    KNOT
  <00001692>   205.  NHRA	  EQU	$00001692 W 001 L S00 NAV HEIGHT ABOVE GROUND	 
  <00001694>   206.  NGSD1DEG  EQU	$00001694 W 001 L S06 AIRCRAFT GLIDESLOPE	  
  <00001696>   207.  NIMCTR	  EQU	$00001696 W 001 L H   IM COUNTER		    .1SEC  
  <00001698>   208.  NMAGVAR   EQU	$00001698 W 001 L S06 MAGNETIC VARIATION	   
  <0000169A>   209.  NMMCTR	  EQU	$0000169A W 001 L H   MM COUNTER KFG		    .1S
  <0000169C>   210.  NOMCTR	  EQU	$0000169C W 001 L H   OM COUNTER KFG		    .1S
  <0000169E>   211.  NPSIGA	  EQU	$0000169E W 001 L S06 NAV AIRCRAFT TRUE HEADI
  <000016A0>   212.  NPSIMH	  EQU	$000016A0 W 001 L S06 NAV AIRCRAFT MAG HEADIN
  <000016A2>   213.  NPSIIH	  EQU	$000016A2 W 001 L S06 NAV AIRCRAFT INDICATED 
  <000016A4>   214.  NUEW	  EQU	$000016A4 W 001 L S04 N-S VELOCITY WITH WIND	  
  <000016A6>   215.  NVEW	  EQU	$000016A6 W 001 L S04 E-W VELOCITY WITH WIND	  
  <000016A8>   216.  NADF1RAW  EQU	$000016A8 W 001 L H   ADF N-1 RAW FREQUENCY	
  <000016AA>   217.  NRASIN	  EQU	$000016AA W 001 L S15 SINE OF AVERAGE LATITUD
  <000016AC>   218.  NRACOS	  EQU	$000016AC W 001 L S15 COSINE OF AVERAGE LATIT
  <000016AE>   219.  NRXGAS	  EQU	$000016AE W 001 L S12 DELTA LAT BETWEEN STATI
  <000016B0>   220.  NRYGAS	  EQU	$000016B0 W 001 L S12 DELTA LON BETWEEN STATI
  <000016B2>   221.  NRBRG	  EQU	$000016B2 W 001 L S06 MAGNETIC BEARING TO STAT
  <000016B4>   222.  NRRGAS	  EQU	$000016B4 W 001 L S06 GROUND RANGE TO STATION
  <000016B6>   223.  NRZGAS	  EQU	$000016B6 W 001 L S00 HEIGHT ABOVE STATION	  
  <000016B8>   224.  NRRRAS	  EQU	$000016B8 W 001 L S06 SLANT RANGE TO STATION	
  <000016BA>   225.  NGBIAS	  EQU	$000016BA W 001 L S06 GROUND BIAS
  <000016BC>   226.  NSPSIB	  EQU	$000016BC W 001 L S15 SIN BIAS HEADING
  <000016BE>   227.  NCPSIB	  EQU	$000016BE W 001 L S15 COS BIAS HEADING
  <000016C0>   228.  NGVNS	  EQU	$000016C0 W 001 L S04 N-S GROUND VELOCITY
  <000016C2>   229.  NGVEW	  EQU	$000016C2 W 001 L S04 E-W GROUND VELOCITY
  <000016C4>   230.  NDME1CTR  EQU	$000016C4 W 001 L H   DME1 COUNTER
  <000016C6>   231.  NDME2CTR  EQU	$000016C6 W 001 L H   DME2 COUNTER
  <000016C8>   232.  NVTC1CTR  EQU	$000016C8 W 001 L H   VTC 1 COUNTER
  <000016CA>   233.  NVTC2CTR  EQU	$000016CA W 001 L H   VTC 2 COUNTER
  <000016CC>   234.  NK1	  EQU	$000016CC W 001 L H   CONSTANT USED IN NAV1
  <000016CE>   235.  NK2	  EQU	$000016CE W 001 L H   CONSTANT USED IN NAV1
  <000016D0>   236.  NK3	  EQU	$000016D0 W 001 L H   CONSTANT USED IN NAV1
  <000016D2>   237.  NE	  EQU	$000016D2 W 001 L H   TEMP STORE USED IN NAV1
  <000016D4>   238.  NCRS1COS  EQU	$000016D4 W 001 L S15 NAV 1 SEL COURSE COSIN
  <000016D6>   239.  NCRS1SIN  EQU	$000016D6 W 001 L S15 NAV 1 SEL COURSE SINE
  <000016D8>   240.  NCRS2COS  EQU	$000016D8 W 001 L S15 NAV 2 SEL COURSE COSIN
  <000016DA>   241.  NCRS2SIN  EQU	$000016DA W 001 L S15 NAV 2 SEL COURSE SINE
  <000016DC>   242.  NSYNCS	  EQU	$000016DC W 001 L S15 COMPASS SYNC POT SINE
  <000016DE>   243.  NSYNCC	  EQU	$000016DE W 001 L S15 COMPASS SYNC POT COSINE
  <000016E0>   244.  NSYNCDEG  EQU	$000016E0 W 001 L S06 COMPASS SYNC POT DEGRE
  <000016E2>   245.  NRSCALE   EQU	$000016E2 W 001 L S00 CHART RECORDER SCALE
  <000016E4>   246.  USETHD	  EQU	$000016E4 W 001 L S06 SET NEW HEADING
  <000016E6>   247.  NCONRAD   EQU	$000016E6 W 001 L S06 CONE OF CONFUSION RADI
  <000016E8>   248.  NAV1GS	  EQU	$000016E8 W 001 L S15 NAV1 GLIDE SLOPE AO		  
  <000016EA>   249.  NAV2GS	  EQU	$000016EA W 001 L S15 NAV2 GLIDE SLOPE AO		  
  <000016EC>   250.  NAV1LR	  EQU	$000016EC W 001 L S15 NAV1 CDI NEEDLE AO		   
  <000016EE>   251.  NAV2LR	  EQU	$000016EE W 001 L S15 NAV2 CDI NEEDLE AO		   
  <000016F0>   252.  NGSTAN	  EQU	$000016F0 W 001 L S12 GLIDE SLOPE TAN
  <000016F2>   253.  NBASEREG  EQU	$000016F2 W 001 L S06 BASE REGISTER FOR NATA
  <000016F4>   254.  NITCOUNT  EQU	$000016F4 W 001 L H   ITERATION COUNTER
  <000016F6>   255.  NSPAREW1  EQU	$000016F6 W 001 L H   NAV SPARE WORD 1
  <000016F8>   256.  NSPAREW2  EQU	$000016F8 W 001 L H   NAV SPARE WORD 2
  <000016FA>   257.  NSPAREW3  EQU	$000016FA W 001 L H   NAV SPARE WORD 3
  <000016FC>   258.  NSPAREW4  EQU	$000016FC W 001 L H   NAV SPARE WORD 4
  <000016FE>   259.  NSPAREW5  EQU	$000016FE W 001 L H   NAV SPARE WORD 5
  <00001700>   260.  NSPAREW6  EQU	$00001700 W 001 L H   NAV SPARE WORD 6
  <00001702>   261.  NSPAREW7  EQU	$00001702 W 001 L H   NAV SPARE WORD 7
  <00001704>   262.  NSPAREW8  EQU	$00001704 W 001 L H   NAV SPARE WORD 8
  <00001706>   263.  NICOM1SQ  EQU	$00001706 W 001 L H   TEMP STORE OF ICOM1SQ 
  <00001708>   264.  NICOM2SQ  EQU	$00001708 W 001 L H   TEMP STORE OF ICOM2SQ 
  <0000170A>   265.  NMKRLVL   EQU	$0000170A B 001 L H   MARKER LEVEL
  <0000170B>   266.  NLF1LOS   EQU	$0000170B B 001 L H   ADF 1 IN LINE OF SIGHT
  <0000170C>   267.  NADF1TUN  EQU	$0000170C B 001 L H   ADF 1 STATION ID ENABL
  <0000170D>   268.  NADF2TUN  EQU	$0000170D B 001 L H   ADF 2 STATION ID ENABL
  <0000170E>   269.  NAV1TUN   EQU	$0000170E B 001 L H   NAV 1 STATION ID ENABL
  <0000170F>   270.  NAV2TUN   EQU	$0000170F B 001 L H   NAV 2 STATION ID ENABL
  <00001710>   271.  NAVFRZ	  EQU	$00001710 B 001 L H   NAV FREEZE
  <00001711>   272.  NBWOW	  EQU	$00001711 B 001 L H   NAV WEIGHT ON WHEELS
  <00001712>   273.  NIMTONE   EQU	$00001712 B 001 L H   IM TONE ENABLE
  <00001713>   274.  NIN1GSF   EQU	$00001713 B 001 L H   NAV 1 GLIDESLOPE FLAG
  <00001714>   275.  NINIT	  EQU	$00001714 B 001 L H   NAV INITIALIZATION FLAG
  <00001715>   276.  NMMTONE   EQU	$00001715 B 001 L H   MM TONE ENABLE
  <00001716>   277.  NOMTONE   EQU	$00001716 B 001 L H   OM TONE ENABLE
  <00001717>   278.  NRWR1	  EQU	$00001717 B 001 L H   IN RANGE 1 FLAG
  <00001718>   279.  NRWR2	  EQU	$00001718 B 001 L H   IN RANGE 2 FLAG
  <00001719>   280.  NRWR3	  EQU	$00001719 B 001 L H   IN RANGE 3 FLAG
  <0000171A>   281.  NRLOS	  EQU	$0000171A B 001 L H   IN LINE OF SIGHT FLAG
  <0000171B>   282.  NMKRVL	  EQU	$0000171B B 001 L H   MARKER BEACON STATION V
  <0000171C>   283.  NDME1TUN  EQU	$0000171C B 001 L H   DME1 TUNED FLAG
  <0000171D>   284.  NDME2TUN  EQU	$0000171D B 001 L H   DME2 TUNED FLAG
  <0000171E>   285.  NIMKEY	  EQU	$0000171E B 001 L H   INNER MARKER KEY
  <0000171F>   286.  NAMRA	  EQU	$0000171F B 001 L H   INNER MARKER RANGE
  <00001720>   287.  NMMRA	  EQU	$00001720 B 001 L H   MIDDLE MARKER RANGE
  <00001721>   288.  NOMRA	  EQU	$00001721 B 001 L H   OUTER MARKER RANGE
  <00001722>   289.  NVTC1	  EQU	$00001722 B 001 L H
  <00001723>   290.  NVTC2	  EQU	$00001723 B 001 L H
  <00001724>   291.  NAV1VOL   EQU	$00001724 B 001 L H   NAV1 VOLUME
  <00001725>   292.  NAV2VOL   EQU	$00001725 B 001 L H   NAV2 VOLUME
  <00001726>   293.  NLF1VOL   EQU	$00001726 B 001 L H
  <00001727>   294.  NCOM1OP   EQU	$00001727 B 001 L H   COMM1 OPERABLE FLAG
  <00001728>   295.  NCOM2OP   EQU	$00001728 B 001 L H   COMM2 OPERABLE FLAG
  <00001729>   296.  NMKRSNS   EQU	$00001729 B 001 L H   MARKER SENSE
  <0000172A>   297.  NIPFLAG   EQU	$0000172A B 001 L H   INITIAL POS FLAG
  <0000172B>   298.  UHDSET	  EQU	$0000172B B 001 L H   INITIAL POS HEADING FLA
  <0000172C>   299.  NMMKEY	  EQU	$0000172C B 001 L H   MIDDLE MARKER KEY
  <0000172D>   300.  NOMKEY	  EQU	$0000172D B 001 L H   OUTER MARKER KEY
  <0000172E>   301.  NAV1KY	  EQU	$0000172E B 001 L H   NAV 1 KEY
  <0000172F>   302.  NAV2KY	  EQU	$0000172F B 001 L H   NAV 2 KEY
  <00001730>   303.  NDM1KY	  EQU	$00001730 B 001 L H   DME 1 KEY
  <00001731>   304.  NDM2KY	  EQU	$00001731 B 001 L H   DME 2 KEY
  <00001732>   305.  NLF1KY	  EQU	$00001732 B 001 L H   ADF 1 KEY
  <00001733>   306.  NLF2KY	  EQU	$00001733 B 001 L H   ADF 1 KEY
  <00001734>   307.  NNV1VOL   EQU	$00001734 B 001 L H   TEMP STORE OF ONV1VOL
  <00001735>   308.  NNV2VOL   EQU	$00001735 B 001 L H   TEMP STORE OF ONV2VOL
  <00001736>   309.  NCDI1DO   EQU	$00001736 B 001 L H   TEMP STORE OF OCDI1DO
  <00001737>   310.  NCDI2DO   EQU	$00001737 B 001 L H   TEMP STORE OF OCDI2DO
  <00001738>   311.  NDMECTL   EQU	$00001738 B 001 L H
  <00001739>   312.  NENGAMP   EQU	$00001739 B 001 L H
  <0000173A>   313.  NPROPAMP  EQU	$0000173A B 001 L H
  <0000173B>   314.  NRUMBLE   EQU	$0000173B B 001 L H   RUMBLE
  <0000173C>   315.  NSTALL	  EQU	$0000173C B 001 L H   STALL WARNING
  <0000173D>   316.  NCOM1SQ   EQU	$0000173D B 001 L H   TEMP STORE OF OCOM1SQ
  <0000173E>   317.  NCOM2SQ   EQU	$0000173E B 001 L H   TEMP STORE OF OCOM2SQ
  <0000173F>   318.  NCOM1VOL  EQU	$0000173F B 001 L H TEMP STORE OF OCOM1VOL
  <00001740>   319.  NCOM2VOL  EQU	$00001740 B 001 L H TEMP STORE OF OCOM2VOL
  <00001741>   320.  NASCONT1  EQU	$00001741 B 001 L H TEMP STORE OF OASCONT1
  <00001742>   321.  NASCONT2  EQU	$00001742 B 001 L H TEMP STORE OF OASCONT2
  <00001743>   322.  NASCONT3  EQU	$00001743 B 001 L H TEMP STORE OF OASCONT3
  <00001744>   323.  NMKRDOB   EQU	$00001744 B 001 L H TEMP STORE FOR OMKRDO
  <00001745>   324.  NDS1DO15  EQU	$00001745 B 001 L H TEMP STORE FOR ODS1DO15 
  <00001746>   325.  NSPAREB1  EQU	$00001746 B 001 L H   SPARE BYTE 1
  <00001747>   326.  NSPAREB2  EQU	$00001747 B 001 L H   SPARE BYTE 2
  <00001748>   327.  NSPAREB3  EQU	$00001748 B 001 L H   SPARE BYTE 3
  <00001749>   328.  NSPAREB4  EQU	$00001749 B 001 L H   SPARE BYTE 4
  <0000174A>   329.  NSPAREB5  EQU	$0000174A B 001 L H   SPARE BYTE 5
  <0000174B>   330.  NSPAREB6  EQU	$0000174B B 001 L H   SPARE BYTE 6
  <0000174C>   331.  NSPAREB7  EQU	$0000174C B 001 L H   SPARE BYTE 7
  <0000174D>   332.  NSPAREB8  EQU	$0000174D B 001 L H   SPARE BYTE 8
  <0000174E>   333.  NSPAREB9  EQU	$0000174E B 001 L H   SPARE BYTE 9
  <0000174F>   334.  NSPAREBA  EQU	$0000174F B 001 L H   SPARE BYTE 10
  <00000205>   336.  OFUELLT      EQU    $00000205		LEFT FUEL QTY		 0V=0,+10V=2
  <00000209>   337.  OFUELRT      EQU    $00000209		RIGHT FUEL QTY		 0V=0,+10V=
  <00000211>   338.  OOILP	     EQU    $00000211		OIL PRESSURE		 0V=0,+10V=100
  <00000215>   339.  OCYLT	     EQU    $00000215		CYL. HEAD TEMP. 	 0V=0,+10V=4
  <00000201>   340.  OOILT	     EQU    $00000201		OIL TEMP		 0V=0,+10V=260
  <00000221>   342.  ITHR1	     EQU    $00000221		THROTTLE		 +10V=FULL,+4.6
  <00000225>   343.  IMIX1	     EQU    $00000225		MIXTURE 		 +3.3V=FULL RIC
  <00000229>   344.  ICARBH1      EQU    $00000229		CARB. HEAT		 -3.3V=ON,-10V=
  <00000231>   345.  IPROP1	     EQU    $00000231		PROP.			 -4.93V=MAX,-10
  <00000241>   347.  IELEV	     EQU    $00000241		ELEVATOR CONTROL	  +7.33V=UP,
  <00000245>   348.  IAIL	     EQU    $00000245		AILERON CONTROL 	  +6.5V=RT,-6
  <00000249>   349.  IRUD	     EQU    $00000249		RUDDER CONTROL		  +3.5V=RT,-3.
  <00000251>   350.  IELEVT	     EQU    $00000251		ELEVATOR TRIM		  +7V=UP,-2.3
  <00000261>   352.  OTURNP	     EQU    $00000261		TURN NEEDLE		  +10V=6 NW RT,
  <00000265>   353.  OBALLP	     EQU    $00000265		BALL			  +10V=1.6 BW R
  <00000271>   355.  OIRCP	     EQU    $00000271		R/C			  +10V=2000 FT
  <00000281>   357.  OALTMP	     EQU    $00000281		ALTIMETER		  0V=-1000 FT,-
  <00000291>   359.  OIASP	     EQU    $00000291		INDICATED AIRSPEED	  0V=0 MPH
  <000002A1>   361.  OIRPM	     EQU    $000002A1		RPM			  0V=0 RPM,+10V
  <000002B1>   363.  OIMAP1	     EQU    $000002B1		MAP			  0V=29.92 IN H
  <000002C9>   365.  OATTPIT      EQU    $000002C9		ATTITUDE PITCH		  +10V=15 D
  <000002C5>   366.  OATTROLS     EQU    $000002C5		ATTITUDE ROLL SIN	  +10V=SI
  <000002C1>   367.  OATTROLC     EQU    $000002C1		ATTITUDE ROLL COS	  +10V=CO
  <000002D1>   369.  IMPSDI1      EQU    $000002D1		PANEL SWITCHES #1
  <00000007>   370.  IMSTSW	     EQU    7			MASTER SWITCH ON
  <00000006>   371.  IIGNST	     EQU    6			IGNITION SWITCH START
  <00000005>   372.  IIGNBT	     EQU    5			IGNITION SWITCH BOTH
  <00000004>   373.  IIGNRT	     EQU    4			IGNITION SWITCH RIGHT
  <00000003>   374.  IIGNLT	     EQU    3			IGNITION SWITCH LEFT
  <00000002>   375.  IRMI1ADF     EQU    2			RMI #1 PTR ADF
  <00000000>   376.  ILINKPWR     EQU    0			1=LINKAGE POWER ON
  <000002D3>   377.  IMPSDI2      EQU    $000002D3		PANEL SWITCHES #2
  <00000007>   378.  IPARKBK      EQU    7			PARKING BRAKE ON
  <00000006>   379.  IFLAPUP      EQU    6			FLAP SWITCH UP
  <00000005>   380.  IFLAPHLF     EQU    5			FLAP SWITCH 1/2
  <00000004>   381.  IFLAPDN      EQU    4			FLAP SWITCH DOWN
  <00000003>   382.  IMONNAV1     EQU    3			MONITOR NAV1
  <00000002>   383.  IMONNAV2     EQU    2			MONITOR NAV2
  <00000001>   384.  IMONADF1     EQU    1			MONITOR ADF1
  <00000000>   385.  IXRCOM1      EQU    0			XMIT/REC COMM1
  <0000040D>   387.  INAV1F1      EQU    $0000040D		NAV1 FREQ WORD 1
  <00000007>   388.  I117NAV1     EQU    7			NAV1 117
  <00000006>   389.  I116NAV1     EQU    6			NAV1 116
  <00000005>   390.  I115NAV1     EQU    5			NAV1 115
  <00000004>   391.  I114NAV1     EQU    4			NAV1 114
  <00000003>   392.  I113NAV1     EQU    3			NAV1 113
  <00000002>   393.  I112NAV1     EQU    2			NAV1 112
  <00000001>   394.  I111NAV1     EQU    1			NAV1 111
  <00000000>   395.  I110NAV1     EQU    0			NAV1 110
  <00000411>   396.  INAV1F2      EQU    $00000411		NAV1 FREQ WORD 2
  <00000007>   397.  I109NAV1     EQU    7			NAV1 109
  <00000006>   398.  I108NAV1     EQU    6			NAV1 108
  <00000005>   399.  I9THNAV1     EQU    5			NAV1 .9
  <00000004>   400.  I8THNAV1     EQU    4			NAV1 .8
  <00000003>   401.  I7THNAV1     EQU    3			NAV1 .7
  <00000002>   402.  I6THNAV1     EQU    2			NAV1 .6
  <00000001>   403.  I5THNAV1     EQU    1			NAV1 .5
  <00000000>   404.  I4THNAV1     EQU    0			NAV1 .4
  <00000413>   405.  INAV1F3      EQU    $00000413		NAV1 FREQ WORD 3
  <00000007>   406.  I3THNAV1     EQU    7			NAV1 .3
  <00000006>   407.  I2THNAV1     EQU    6			NAV1 .2
  <00000005>   408.  I1THNAV1     EQU    5			NAV1 .1
  <00000004>   409.  I0THNAV1     EQU    4			NAV1 .0
  <00000003>   410.  INAV1ILS     EQU    3			NAV1 ILS SELECTED
  <00000002>   411.  INAV1ON      EQU    2			NAV1 POWER ON
  <00000001>   412.  INAV1ID      EQU    1			NAV1 ID ON
  <00000401>   413.  INAV1VOL     EQU    $00000401		NAV1 VOLUME
  <00000409>   414.  ICOM1SQ      EQU    $00000409		COMM1 SQUELCH
  <00000405>   415.  ICOM1VOL     EQU    $00000405		COMM1 VOLUME
  <0000042D>   417.  INAV2F1      EQU    $0000042D		NAV2 FREQ WORD 1
  <00000007>   418.  I117NAV2     EQU    7			NAV2 117
  <00000006>   419.  I116NAV2     EQU    6			NAV2 116
  <00000005>   420.  I115NAV2     EQU    5			NAV2 115
  <00000004>   421.  I114NAV2     EQU    4			NAV2 114
  <00000003>   422.  I113NAV2     EQU    3			NAV2 113
  <00000002>   423.  I112NAV2     EQU    2			NAV2 112
  <00000001>   424.  I111NAV2     EQU    1			NAV2 111
  <00000000>   425.  I110NAV2     EQU    0			NAV2 110
  <00000431>   426.  INAV2F2      EQU    $00000431		NAV2 FREQ WORD 2
  <00000007>   427.  I109NAV2     EQU    7			NAV2 109
  <00000006>   428.  I108NAV2     EQU    6			NAV2 108
  <00000005>   429.  I9THNAV2     EQU    5			NAV2 .9
  <00000004>   430.  I8THNAV2     EQU    4			NAV2 .8
  <00000003>   431.  I7THNAV2     EQU    3			NAV2 .7
  <00000002>   432.  I6THNAV2     EQU    2			NAV2 .6
  <00000001>   433.  I5THNAV2     EQU    1			NAV2 .5
  <00000000>   434.  I4THNAV2     EQU    0			NAV2 .4
  <00000433>   435.  INAV2F3      EQU    $00000433		NAV2 FREQ WORD 3
  <00000007>   436.  I3THNAV2     EQU    7			NAV2 .3
  <00000006>   437.  I2THNAV2     EQU    6			NAV2 .2
  <00000005>   438.  I1THNAV2     EQU    5			NAV2 .1
  <00000004>   439.  I0THNAV2     EQU    4			NAV2 .0
  <00000003>   440.  INAV2ILS     EQU    3			NAV2 ILS SELECTED
  <00000002>   441.  INAV2ON      EQU    2			NAV2 POWER ON
  <00000001>   442.  INAV2ID      EQU    1			NAV2 ID ON
  <00000421>   443.  INAV2VOL     EQU    $00000421		NAV2 VOLUME
  <00000429>   444.  ICOM2SQ      EQU    $00000429		COMM2 SQUELCH
  <00000425>   445.  ICOM2VOL     EQU    $00000425		COMM2 VOL
  <00000449>   447.  OADF1TM      EQU    $00000449		ADF1 TUNING METER
  <00000441>   448.  IADF1VOL     EQU    $00000441		ADF1 VOLUME
  <00000445>   449.  IADF1FRQ     EQU    $00000445		ADF1 FREQ
  <0000044D>   450.  IADF1DI      EQU    $0000044D		ADF1 CONTROL DISCRETE IN
  <00000007>   451.  IADF1B1      EQU    7			ADF BAND 1 190 TO 430
  <00000006>   452.  IADF1B2      EQU    6			ADF BAND 2 420 TO 850
  <00000005>   453.  IADF1B3      EQU    5			ADF BAND 3 840 TO 1750
  <00000004>   454.  IADF1TST     EQU    4			ADF1 TEST
  <00000003>   455.  IADF1REC     EQU    3			ADF1 RECEIVE MODE
  <00000002>   456.  IADF1ADF     EQU    2			ADF1 ADF MODE
  <00000001>   457.  IADF1MKR     EQU    1			ADF1 MARKER ON
  <000004B5>   459.  ORMIHS	     EQU    $000004B5		RMI SIN MAG HEADING
  <000004B1>   460.  ORMIHC	     EQU    $000004B1		RMI COS MAG HEADING
  <00000451>   462.  ONAV1LR      EQU    $00000451		NAV1 COURSE DEVIATION
  <00000459>   463.  ONAV1GS      EQU    $00000459		NAV1 GLIDE SLOPE DEV.
  <00000455>   464.  ONAV1TF      EQU    $00000455		NAV1 TO/OFF/FROM
  <00000461>   465.  ICRS1SC      EQU    $00000461		COURSE SEL 1 SIN/COS
  <00000465>   466.  OCDI1DO      EQU    $00000465		CDI 1 DISCRETE OUT
  <00000000>   467.  OCRS1SEL     EQU    0			COURSE SEL 1 EXCITATION
  <00000001>   468.  ONAV1GSF     EQU    1			NAV1 G/S FLAG 00V
  <00000467>   469.  ICRS1DI      EQU    $00000467		CDI 1 DISCRETE IN
  <00000007>   470.  INAV1TST     EQU    7			NAV 1 TEST
  <00000471>   472.  ONAV2LR      EQU    $00000471		NAV2 COURSE DEVIATION
  <00000479>   473.  ONAV2GS      EQU    $00000479		NAV2 GLIDE SLOPE DEV.
  <00000475>   474.  ONAV2TF      EQU    $00000475		NAV2 TO/OFF/FROM
  <00000481>   475.  ICRS2SC      EQU    $00000481		COURSE SEL 2 SIN/COS
  <00000485>   476.  OCDI2DO      EQU    $00000485		CDI 2 DISCRETE OUT
  <00000000>   477.  OCRS2SEL     EQU    0			COURSE SEL 2 EXCITATION
  <00000001>   478.  ONAV2GSF     EQU    1			NAV2 G/S FLAG 00V
  <00000487>   479.  ICRS2DI      EQU    $00000487		CDI 2 DISCRETE IN
  <00000007>   480.  INAV2TST     EQU    7			NAV 2 TEST
  <000004A9>   482.  ORMI1S	     EQU    $000004A9		RMI SIN #1 PTR
  <000004A5>   483.  ORMI1C	     EQU    $000004A5		RMI COS #1 PTR
  <000004A1>   484.  ORMI2S	     EQU    $000004A1		RMI SIN #2 PTR
  <00000499>   485.  ORMI2C	     EQU    $00000499		RMI COS #2 PTR
  <00000601>   487.  IINSTAI1     EQU    $00000601		INSTRUCTOR #1 AI
  <00000605>   488.  IINSTAI2     EQU    $00000605		INSTRUCTOR #2 AI
  <00000609>   489.  IAI1MPX      EQU    $00000609		MULTIPLEXER #1
  <0000060B>   490.  IAI2MPX      EQU    $0000060B		MULTIPLEXER #2
  <0000061B>   491.  IINSTDI1     EQU    $0000061B		INSTRUCTOR #1 DI
  <00000007>   492.  IBFIELD      EQU    7			B FIELD SELECTED
  <00000003>   493.  IENGFAIL     EQU    3			ENGINE FAIL
  <00000002>   494.  IPITON	     EQU    2			PITCH MOTION ON
  <00000001>   495.  IROLLON      EQU    1			ROLL MOTION ON
  <00000000>   496.  IYAWON	     EQU    0			YAW MOTION ON
  <00000619>   497.  IFAIL1	     EQU    $00000619		INSTRUCTER FAIL #1
  <00000007>   498.  IDGFAIL      EQU    7			DG FAIL
  <00000006>   499.  IATGFAIL     EQU    6			ATTITUDE IND FAIL
  <00000005>   500.  IIASFAIL     EQU    5			AIRSPEED IND FAIL
  <00000004>   501.  IALTFAIL     EQU    4			ALTIMETER FAIL
  <00000003>   502.  IRCFAIL      EQU    3			RATE OF CLIMB IND FAIL
  <00000002>   503.  ITNFAIL      EQU    2			TURN NEEDLE FAIL
  <00000001>   504.  IVL2FAIL     EQU    1			VOR/LOC 2  FAIL
  <00000000>   505.  IVL1FAIL     EQU    0			VOR/LOC 1  FAIL
  <0000061D>   506.  IRCDRDI      EQU    $0000061D		RECORDER DI
  <00000007>   507.  ISLEWN	     EQU    7			SLEW NORTH
  <00000006>   508.  ISLEWS	     EQU    6			SLEW SOUTH
  <00000005>   509.  ISLEWE	     EQU    5			SLEW EAST
  <00000004>   510.  ISLEWW	     EQU    4			SLEW WEST
  <00000003>   511.  IAPPR2	     EQU    3			APPROACH 2 SELECTED
  <00000002>   512.  IAPPR1	     EQU    2			APPROACH 1 SELECTED
  <00000001>   513.  ICCMODE      EQU    1			CROSS COUNTRY SELECTED
  <00000000>   514.  IPOSFRZ      EQU    0			POSITION FREEZE
  <00000611>   515.  ORCDNSD      EQU    $00000611		(A/0)+10V=7.5 IN NORTH,-10V
  <00000615>   516.  ORCDEWD      EQU    $00000615		(A/0)+10V=7.5 IN EAST,-10V=
  <0000061F>   517.  IFAIL2	     EQU    $0000061F		INSTRUCTER FAIL #2
  <00000007>   518.  IGSFAIL      EQU    7			GLIDESLOPE FAIL
  <00000006>   519.  ILF1FAIL     EQU    6			ADF FAIL
  <00000621>   521.  OMOTPITR     EQU    $00000621		MOTION PITCH RATE     +10V=
  <00000625>   522.  OMOTROLR     EQU    $00000625		MOTION ROLL RATE      +10V=
  <00000629>   523.  OMOTTRNR     EQU    $00000629		MOTION TURN RATE      +10V=
  <00000639>   524.  ICPHDGS      EQU    $00000639		SIN COCKPIT HEADING   +10V=
  <0000063D>   525.  ICPHDGC      EQU    $0000063D		COS COCKPIT HEADING   +10V=
  <00000631>   526.  ICPPITS      EQU    $00000631		SIN COCKPIT PITCH     +10V=
  <00000635>   527.  ICPROLS      EQU    $00000635		SIN COCKPIT ROLL      +10V=
  <0000062D>   528.  IINSTMDI     EQU    $0000062D		INSTRUCTER CONTROL DI	  CAR
  <00000007>   529.  IALTFRZ      EQU    7			ALTITUDE FREEZE
  <00000006>   530.  IALTSUP      EQU    6			ALTITUDE SLEW UP
  <00000005>   531.  IALTSDN      EQU    5			ALTITUDE SLEW DOWN
  <00000004>   532.  IFLTFRZ      EQU    4			FLIGHT FREEZE
  <00000003>   533.  IENGFIR      EQU    3			ENGINE FIRED BYPASS
  <00000002>   534.  IMODE1	     EQU    2			MODE 1
  <00000001>   535.  IMODE2	     EQU    1			MODE 2
  <00000000>   536.  IMODE3	     EQU    0			MODE 3
  <00000651>   538.  ONV1RNKY     EQU    $00000651		NAV1 RNG ATT/KEY
  <00000655>   539.  ONV1WNL      EQU    $00000655		NAV1 WHITE NOISE LEVEL
  <00000659>   540.  ODM1RNKY     EQU    $00000659		DME1 RNG ATT/KEY
  <0000065D>   541.  ONV1VOL      EQU    $0000065D		NAV1 VOLUME LEVEL
  <0000064D>   542.  ODMECTL      EQU    $0000064D		NAV  DME CONTROL
  <00000007>   543.  ODM1SEP      EQU    7			NAV1 DME SEPARATE
  <00000006>   544.  ODM2SEP      EQU    6			NAV2 DME SEPARATE
  <00000653>   545.  ONV2RNKY     EQU    $00000653		NAV2 RNG ATT/KEY
  <00000657>   546.  ONV2WNL      EQU    $00000657		NAV2 WHITE NOISE LEVEL
  <0000065B>   547.  ODM2RNKY     EQU    $0000065B		DME2 RNG ATT/KEY
  <0000065F>   548.  ONV2VOL      EQU    $0000065F		NAV2 VOLUME LEVEL
  <00000641>   549.  OLF1RNKY     EQU    $00000641		ADF1 RNG ATT/KEY
  <00000645>   550.  OLF1WNL      EQU    $00000645		ADF1 WHITE NOISE LEVEL
  <00000649>   551.  OLF1VOL      EQU    $00000649		ADF1 VOLUME LEVEL
  <00000643>   552.  OLF2RNKY     EQU    $00000643		ADF2 RNG ATT/KEY
  <00000647>   553.  OLF2WNL      EQU    $00000647		ADF2 WHITE NOISE LEVEL
  <0000064B>   554.  OLF2VOL      EQU    $0000064B		ADF2 VOLUME LEVEL
  <00000663>   556.  OOMRAKY      EQU    $00000663		OM RANGE/KEY
  <00000665>   557.  OMMRAKY      EQU    $00000665		MM RANGE/KEY
  <00000667>   558.  OAMRAKY      EQU    $00000667		AM RANGE/KEY
  <00000669>   559.  OMKRTST      EQU    $00000669		MARKER TEST
  <0000066B>   560.  OMKRVOL      EQU    $0000066B		MKR VOLUME
  <00000661>   561.  OMKRDO	     EQU    $00000661		MKR DISCRETE OUT
  <00000007>   562.  OOMFAIL      EQU    7			OM FAIL
  <00000006>   563.  OOMRAATT     EQU    6			OM RANGE ATT.
  <00000005>   564.  OMMFAIL      EQU    5			MM FAIL
  <00000004>   565.  OMMRAATT     EQU    4			MM RANGE ATT.
  <00000003>   566.  OAMFAIL      EQU    3			AM FAIL
  <00000002>   567.  OAMRAATT     EQU    2			AM RANGE ATT.
  <00000001>   568.  OMKRLTST     EQU    1			MKR LAMP TEST
  <0000068B>   570.  OATTEN1      EQU    $0000068B		ATTEN 1 EXHAUST NOISE
  <00000681>   571.  OFUNCTA      EQU    $00000681		CARD 23 HIGH BYTE
  <00000683>   572.  OFUNCT1      EQU    $00000683		FUNCT 1 RPM
  <00000685>   573.  OFUNCT5      EQU    $00000685		FUNCT 5 SPARE
  <0000068D>   574.  OATTEN5      EQU    $0000068D		ATTEN 5 SPARE
  <00000687>   575.  OFUNCT6      EQU    $00000687		FUNCT 6 STALL WARN
  <00000691>   576.  OATTEN6      EQU    $00000691		ATTEN 6 STALL WARN
  <00000689>   577.  OFUNCT8      EQU    $00000689		FUNCT 8 TIRE SCREECH
  <00000693>   578.  OATTEN8      EQU    $00000693		ATTEN 8 TIRE SCREECH
  <00000695>   579.  OATTEN9      EQU    $00000695		ATTEN 9 INST. VOL
  <00000697>   580.  OATTEN10     EQU    $00000697		ATTEN 10 PROP HISS
  <00000699>   581.  OATTEN11     EQU    $00000699		ATTEN 11 AERO HISS
  <000006E1>   583.  OFUNCTB      EQU    $000006E1		CARD 24 HIGH BYTE
  <000006E3>   584.  OFUNCT2      EQU    $000006E3		FUNCT 2 HISS
  <000006EB>   585.  OATTEN2      EQU    $000006EB		ATTEN 2 HISS
  <000006E5>   586.  OFUNCT3      EQU    $000006E5		FUNCT 3 RUMBLE
  <000006ED>   587.  OATTEN3      EQU    $000006ED		ATTEN 3 RUMBLE
  <000006E7>   588.  OFUNCT4      EQU    $000006E7		FUNCT 4 SPARE
  <000006F1>   589.  OATTEN4      EQU    $000006F1		ATTEN 4 SPARE
  <000006E9>   590.  OFUNCT7      EQU    $000006E9		FUNCT 7 AERO HISS
  <000006F3>   591.  OATTEN7      EQU    $000006F3		ATTEN 7 AERO HISS
  <000006B1>   593.  OCOM1SQ      EQU    $000006B1		COMM1 SQ CONTROL
  <000006B5>   594.  OCOM1IVL     EQU    $000006B5		COMM1 INST. VOICE LEVEL
  <00000003>   595.  OC1SXMIT     EQU    3			COMM1 STUDENT XMIT
  <000006B9>   596.  OCOM1VOL     EQU    $000006B9		COMM1 VOLUME LEVEL
  <000006B3>   597.  OCOM2SQ      EQU    $000006B3		COMM2 SQ CONTROL
  <000006B7>   598.  OCOM2IVL     EQU    $000006B7		COMM2 INST. VOICE LEVEL
  <00000002>   599.  OC2SXMIT     EQU    2			COMM2 STUDENT XMIT
  <000006BB>   600.  OCOM2VOL     EQU    $000006BB		COMM2 VOLUME CONTROL
  <000006BD>   601.  OSMIKEVL     EQU    $000006BD		STUDENT MIKE COMM LEVEL
  <000006CF>   602.  IMICPTT      EQU    $000006CF		MIKE PTT
  <00000007>   603.  ISMICPTT     EQU    7			STUDENT MIKE PTT
  <00000006>   604.  IIMICPTT     EQU    6			INSTRUCTOR MIKE PTT
  <000006C1>   605.  OSINPHVL     EQU    $000006C1		STUDENT INPH. LEVEL
  <000006C3>   606.  OIINPHVL     EQU    $000006C3		INSTRUCTOR INPH. LEVEL
  <000006C5>   607.  OSLISTVL     EQU    $000006C5		STUDENT VOLUME LEVEL
  <000006C9>   608.  OASCONT1     EQU    $000006C9		AUDIO SELECT CONTROL 1
  <00000007>   609.  OSSCOM1N     EQU    7			STUDENT SEL COMM1 (NOT)
  <00000006>   610.  OSSCOM2N     EQU    6			STUDENT SEL COMM2 (NOT)
  <00000005>   611.  OSSINPHN     EQU    5			STUDENT SEL INPH.(NOT)
  <00000004>   612.  OSSMKRN      EQU    4			STUDENT SEL MARKER (NOT)
  <00000003>   613.  OSSNAV1N     EQU    3			STUDENT SEL NAV1   (NOT)
  <00000002>   614.  OSSNAV2N     EQU    2			STUDENT SEL NAV2   (NOT)
  <00000001>   615.  OSSADF1N     EQU    1			STUDENT SEL ADF1   (NOT)
  <00000000>   616.  OSSADF2N     EQU    0			STUDENT SEL ADF2   (NOT)
  <000006CB>   617.  OASCONT2     EQU    $000006CB		AUDIO SELECT CONTROL 2
  <00000007>   618.  OSSDME1N     EQU    7			STUDENT SEL DME 1  (NOT)
  <00000006>   619.  OSSDME2N     EQU    6			STUDENT SEL DME 2  (NOT)
  <00000005>   620.  OSSSPA1N     EQU    5			STUDENT SEL SPARE  (NOT)
  <00000004>   621.  OSSSPA2N     EQU    4			STUDENT SEL SPARE  (NOT)
  <000006C7>   622.  OILISTVL     EQU    $000006C7		INSTRUCTOR VOLUME LEVEL
  <000006CD>   623.  OASCONT3     EQU    $000006CD		AUDIO SELECT CONTROL 3
  <00000007>   624.  OISCOM1N     EQU    7			INST. SEL COMM1   (NOT)
  <00000006>   625.  OISCOM2N     EQU    6			INST. SEL COMM2   (NOT)
  <00000005>   626.  OISSTN	     EQU    5			INST. SEL SIDE TONE (NOT)
  <00000004>   627.  OISMONTN     EQU    4			INST. SEL MONITOR   (NOT)
  <00000003>   628.  OISINPHN     EQU    3			INST. SEL INPH.     (NOT)
  <00000002>   629.  OISSPA1N     EQU    2			INST. SEL SPARE     (NOT)
  <00000001>   630.  OISSPA2N     EQU    1			INST. SEL SPARE     (NOT)
  <00000000>   631.  OISSPA3N     EQU    0			INST. SEL SPARE     (NOT)
    0 Errors detected
  625.  OISCOM2N     EQU    6			INST. SEL COMM2   (NOT)
  <00000005>   626.  OISSTN	     EQU    5			