Quelo   ...M68K D2.0C  3/12/85   ...Run on Dec 4, 2025  13:48:37
D:NAVRCV.A68 , D:NAVRCV.ERR = D:NAVRCV.SA

  <00001594>    20.  NADF1FRQ  EQU	$00001594 L 001 L H   ADF 1 FREQUENCY
  <00001598>    21.  NADF1STA  EQU	$00001598 L 001 L H   ADF 1 STATION BUFFER A
  <0000159C>    22.  NA1IDNT1  EQU	$0000159C L 001 L H   ADF 1 IDENT WORD 1
  <000015A0>    23.  NA1IDNT2  EQU	$000015A0 L 001 L H   ADF 1 IDENT WORD 2
  <000015A4>    24.  NADF2FRQ  EQU	$000015A4 L 001 L H   ADF 2 FREQUENCY
  <000015A8>    25.  NADF2STA  EQU	$000015A8 L 001 L H   ADF 2 STATION BUFFER A
  <000015AC>    26.  NA2IDNT1  EQU	$000015AC L 001 L H   ADF 2 IDENT WORD 1
  <000015B0>    27.  NA2IDNT2  EQU	$000015B0 L 001 L H   ADF 2 IDENT WORD 2
  <000015B4>    28.  NAV1FREQ  EQU	$000015B4 L 001 L H   NAV 1 FREQUENCY		    H
  <000015B8>    29.  NAV2FREQ  EQU	$000015B8 L 001 L H   NAV 2 FREQUENCY		    H
  <000015BC>    30.  NAV1STA   EQU	$000015BC L 001 L H   NAV 1 STATION BUFFER A
  <000015C0>    31.  NAV2STA   EQU	$000015C0 L 001 L H   NAV 2 STATION BUFFER A
  <000015C4>    32.  NDIST2	  EQU	$000015C4 L 001 L S24 DISTANCE FROM CLOSEST F
  <000015C8>    33.  NGLAT	  EQU	$000015C8 L 001 L S23 AIRCRAFT LATITUDE 	    D
  <000015CC>    34.  NGLON	  EQU	$000015CC L 001 L S23 AIRCRAFT LONGITUDE	    D
  <000015D0>    35.  NV1IDNT1  EQU	$000015D0 L 001 L H   NAV 1 IDENT WORD 1
  <000015D4>    36.  NV1IDNT2  EQU	$000015D4 L 001 L H   NAV 1 IDENT WORD 2
  <000015D8>    37.  NV2IDNT1  EQU	$000015D8 L 001 L H   NAV 2 IDENT WORD 1
  <000015DC>    38.  NV2IDNT2  EQU	$000015DC L 001 L H   NAV 2 IDENT WORD 2
  <000015E0>    39.  ND1IDNT1  EQU	$000015E0 L 001 L H   DME 1 IDENT WORD 1
  <000015E4>    40.  ND1IDNT2  EQU	$000015E4 L 001 L H   DME 1 IDENT WORD 2
  <000015E8>    41.  ND2IDNT1  EQU	$000015E8 L 001 L H   DME 2 IDENT WORD 1
  <000015EC>    42.  ND2IDNT2  EQU	$000015EC L 001 L H   DME 2 IDENT WORD 2
  <000015F0>    43.  NADF1ERR  EQU	$000015F0 L 001 L H   ADF 1 FREQUENCY ERROR	
  <000015F4>    44.  NADF2ERR  EQU	$000015F4 L 001 L H   ADF 2 FREQUENCY ERROR	
  <000015F8>    45.  NRAGAS	  EQU	$000015F8 L 001 L S08 DIST ALONG RNWY HEADING
  <000015FC>    46.  NRBGAS	  EQU	$000015FC L 001 L S08 DIST ACROSS RNWY HEADIN
  <00001600>    47.  NRGAS2	  EQU	$00001600 L 001 L S11 GROUND RANGE TO STATION
  <00001604>    48.  NRRAS2	  EQU	$00001604 L 001 L S11 SLANT RANGE TO STATION 
  <00001608>    49.  NSACF	  EQU	$00001608 L 001 L H   CLOSEST AIRPORT ADDRESS
  <0000160C>    50.  NMKRSA	  EQU	$0000160C L 001 L H   ADDRESS OF NEAREST MARK
  <00001610>    51.  NDME1STA  EQU	$00001610 L 001 L H   DME1 STATION ADDRESS
  <00001614>    52.  NDME2STA  EQU	$00001614 L 001 L H   DME2 STATION ADDRESS
  <00001618>    53.  NAPTPSA   EQU	$00001618 L 001 L H   NEAREST AIRPORT PRESEL
  <0000161C>    54.  NAPTRNG2  EQU	$0000161C L 001 L S24 NEAREST AIRPORT RANGE 
  <00001620>    55.  NMKRRNG2  EQU	$00001620 L 001 L S24 NEAREST MARKER RANGE S
  <00001624>    56.  NTABNAV1  EQU	$00001624 L 001 L H   STATION ADDR OF GOOD S
  <00001628>    57.  NTABNAV2  EQU	$00001628 L 001 L H   STATION ADDR OF GOOD S
  <0000162C>    58.  NCENLAT   EQU	$0000162C L 001 L S23 MAP CENTER LAT
  <00001630>    59.  NCENLON   EQU	$00001630 L 001 L S23 MAP CENTER LON
  <00001634>    60.  NRSLEW	  EQU	$00001634 L 001 L S23 CHART RECORDER SLEW RAT
  <00001638>    61.  NRXGASL   EQU	$00001638 L 001 L S23 NRXGASL IS DELTA LAT I
  <0000163C>    62.  NRYGASL   EQU	$0000163C L 001 L S23 NRYGASL IS DELTA LON I
  <00001640>    63.  N3KBAND   EQU	$00001640 L 001 L H   3000 * ADF BAND NUMBER
  <00001644>    64.  NENGFREQ  EQU	$00001644 L 001 L H
  <00001648>    65.  NSPARE1   EQU	$00001648 L 001 L H   NAV SPARE LONG WORD 1
  <0000164C>    66.  NSPARE2   EQU	$0000164C L 001 L H   NAV SPARE LONG WORD 2
  <00001650>    67.  NSPARE3   EQU	$00001650 L 001 L H   NAV SPARE LONG WORD 3
  <00001654>    68.  NSPARE4   EQU	$00001654 L 001 L H   NAV SPARE LONG WORD 4
  <00001658>    69.  NSPARE5   EQU	$00001658 L 001 L H   NAV SPARE LONG WORD 5
  <0000165C>    70.  NSPARE6   EQU	$0000165C L 001 L H   NAV SPARE LONG WORD 6
  <00001660>    71.  NSPARE7   EQU	$00001660 L 001 L H   NAV SPARE LONG WORD 7
  <00001664>    72.  NSPARE8   EQU	$00001664 L 001 L H   NAV SPARE LONG WORD 8
  <00001668>    73.  NADF1BRG  EQU	$00001668 W 001 L S06 ADF MAG BEARING TO STA
  <0000166A>    74.  NADF1CTR  EQU	$0000166A W 001 L H   ADF TONE KFG COUNTER	 
  <0000166C>    75.  NADF1DEV  EQU	$0000166C W 001 L S06 ADF 1 DEVIATION		    D
  <0000166E>    76.  NADF1RNG  EQU	$0000166E W 001 L S00 ADF 1 STATION RANGE	  
  <00001670>    77.  NADF2RNG  EQU	$00001670 W 001 L S00 ADF 2 STATION RANGE	  
  <00001672>    78.  NADF2BRG  EQU	$00001672 W 001 L S06 ADF 2 MAG BEARING TO S
  <00001674>    79.  NADF2CTR  EQU	$00001674 W 001 L H   ADF 2 TONE KFG COUNTER
  <00001676>    80.  NADF2DEV  EQU	$00001676 W 001 L S06 ADF 2 DEVIATION		    D
  <00001678>    81.  NAV1BRG   EQU	$00001678 W 001 L S06 NAV 1 BEARING TO STATI
  <0000167A>    82.  NAV2BRG   EQU	$0000167A W 001 L S06 NAV 2 BEARING TO STATI
  <0000167C>    83.  NAV1CTR   EQU	$0000167C W 001 L H   NAV 1 KFG COUNTER 	   
  <0000167E>    84.  NAV2CTR   EQU	$0000167E W 001 L H   NAV 2 KFG COUNTER 	   
  <00001680>    85.  NAV1OBS   EQU	$00001680 W 001 L S06 NAV 1 OMNIBEARING SELE
  <00001682>    86.  NAV2OBS   EQU	$00001682 W 001 L S06 NAV 2 OMNIBEARING SELE
  <00001684>    87.  NCDI1DEG  EQU	$00001684 W 001 L S06 NAV 1 COURSE DEVIATION
  <00001686>    88.  NCDI2DEG  EQU	$00001686 W 001 L S06 NAV 2 COURSE DEVIATION
  <00001688>    89.  NGCLAT	  EQU	$00001688 W 001 L S15 COSINE OF LATITUDE
  <0000168A>    90.  NGCLATIN  EQU	$0000168A W 001 L S07 INVERSE OF NGCLAT
  <0000168C>    91.  NGFE	  EQU	$0000168C W 001 L S00 FIELD ELEVATION		    FEET
  <0000168E>    92.  NGGA	  EQU	$0000168E W 001 L S00 NAV GEOMETRIC ALTITUDE	  
  <00001690>    93.  NGS	  EQU	$00001690 W 001 L S04 NAV GROUND SPEED		    KNOT
  <00001692>    94.  NHRA	  EQU	$00001692 W 001 L S00 NAV HEIGHT ABOVE GROUND	 
  <00001694>    95.  NGSD1DEG  EQU	$00001694 W 001 L S06 AIRCRAFT GLIDESLOPE	  
  <00001696>    96.  NIMCTR	  EQU	$00001696 W 001 L H   IM COUNTER		    .1SEC  
  <00001698>    97.  NMAGVAR   EQU	$00001698 W 001 L S06 MAGNETIC VARIATION	   
  <0000169A>    98.  NMMCTR	  EQU	$0000169A W 001 L H   MM COUNTER KFG		    .1S
  <0000169C>    99.  NOMCTR	  EQU	$0000169C W 001 L H   OM COUNTER KFG		    .1S
  <0000169E>   100.  NPSIGA	  EQU	$0000169E W 001 L S06 NAV AIRCRAFT TRUE HEADI
  <000016A0>   101.  NPSIMH	  EQU	$000016A0 W 001 L S06 NAV AIRCRAFT MAG HEADIN
  <000016A2>   102.  NPSIIH	  EQU	$000016A2 W 001 L S06 NAV AIRCRAFT INDICATED 
  <000016A4>   103.  NUEW	  EQU	$000016A4 W 001 L S04 N-S VELOCITY WITH WIND	  
  <000016A6>   104.  NVEW	  EQU	$000016A6 W 001 L S04 E-W VELOCITY WITH WIND	  
  <000016A8>   105.  NADF1RAW  EQU	$000016A8 W 001 L H   ADF N-1 RAW FREQUENCY	
  <000016AA>   106.  NRASIN	  EQU	$000016AA W 001 L S15 SINE OF AVERAGE LATITUD
  <000016AC>   107.  NRACOS	  EQU	$000016AC W 001 L S15 COSINE OF AVERAGE LATIT
  <000016AE>   108.  NRXGAS	  EQU	$000016AE W 001 L S12 DELTA LAT BETWEEN STATI
  <000016B0>   109.  NRYGAS	  EQU	$000016B0 W 001 L S12 DELTA LON BETWEEN STATI
  <000016B2>   110.  NRBRG	  EQU	$000016B2 W 001 L S06 MAGNETIC BEARING TO STAT
  <000016B4>   111.  NRRGAS	  EQU	$000016B4 W 001 L S06 GROUND RANGE TO STATION
  <000016B6>   112.  NRZGAS	  EQU	$000016B6 W 001 L S00 HEIGHT ABOVE STATION	  
  <000016B8>   113.  NRRRAS	  EQU	$000016B8 W 001 L S06 SLANT RANGE TO STATION	
  <000016BA>   114.  NGBIAS	  EQU	$000016BA W 001 L S06 GROUND BIAS
  <000016BC>   115.  NSPSIB	  EQU	$000016BC W 001 L S15 SIN BIAS HEADING
  <000016BE>   116.  NCPSIB	  EQU	$000016BE W 001 L S15 COS BIAS HEADING
  <000016C0>   117.  NGVNS	  EQU	$000016C0 W 001 L S04 N-S GROUND VELOCITY
  <000016C2>   118.  NGVEW	  EQU	$000016C2 W 001 L S04 E-W GROUND VELOCITY
  <000016C4>   119.  NDME1CTR  EQU	$000016C4 W 001 L H   DME1 COUNTER
  <000016C6>   120.  NDME2CTR  EQU	$000016C6 W 001 L H   DME2 COUNTER
  <000016C8>   121.  NVTC1CTR  EQU	$000016C8 W 001 L H   VTC 1 COUNTER
  <000016CA>   122.  NVTC2CTR  EQU	$000016CA W 001 L H   VTC 2 COUNTER
  <000016CC>   123.  NK1	  EQU	$000016CC W 001 L H   CONSTANT USED IN NAV1
  <000016CE>   124.  NK2	  EQU	$000016CE W 001 L H   CONSTANT USED IN NAV1
  <000016D0>   125.  NK3	  EQU	$000016D0 W 001 L H   CONSTANT USED IN NAV1
  <000016D2>   126.  NE	  EQU	$000016D2 W 001 L H   TEMP STORE USED IN NAV1
  <000016D4>   127.  NCRS1COS  EQU	$000016D4 W 001 L S15 NAV 1 SEL COURSE COSIN
  <000016D6>   128.  NCRS1SIN  EQU	$000016D6 W 001 L S15 NAV 1 SEL COURSE SINE
  <000016D8>   129.  NCRS2COS  EQU	$000016D8 W 001 L S15 NAV 2 SEL COURSE COSIN
  <000016DA>   130.  NCRS2SIN  EQU	$000016DA W 001 L S15 NAV 2 SEL COURSE SINE
  <000016DC>   131.  NSYNCS	  EQU	$000016DC W 001 L S15 COMPASS SYNC POT SINE
  <000016DE>   132.  NSYNCC	  EQU	$000016DE W 001 L S15 COMPASS SYNC POT COSINE
  <000016E0>   133.  NSYNCDEG  EQU	$000016E0 W 001 L S06 COMPASS SYNC POT DEGRE
  <000016E2>   134.  NRSCALE   EQU	$000016E2 W 001 L S00 CHART RECORDER SCALE
  <000016E4>   135.  USETHD	  EQU	$000016E4 W 001 L S06 SET NEW HEADING
  <000016E6>   136.  NCONRAD   EQU	$000016E6 W 001 L S06 CONE OF CONFUSION RADI
  <000016E8>   137.  NAV1GS	  EQU	$000016E8 W 001 L S15 NAV1 GLIDE SLOPE AO		  
  <000016EA>   138.  NAV2GS	  EQU	$000016EA W 001 L S15 NAV2 GLIDE SLOPE AO		  
  <000016EC>   139.  NAV1LR	  EQU	$000016EC W 001 L S15 NAV1 CDI NEEDLE AO		   
  <000016EE>   140.  NAV2LR	  EQU	$000016EE W 001 L S15 NAV2 CDI NEEDLE AO		   
  <000016F0>   141.  NGSTAN	  EQU	$000016F0 W 001 L S12 GLIDE SLOPE TAN
  <000016F2>   142.  NBASEREG  EQU	$000016F2 W 001 L S06 BASE REGISTER FOR NATA
  <000016F4>   143.  NITCOUNT  EQU	$000016F4 W 001 L H   ITERATION COUNTER
  <000016F6>   144.  NSPAREW1  EQU	$000016F6 W 001 L H   NAV SPARE WORD 1
  <000016F8>   145.  NSPAREW2  EQU	$000016F8 W 001 L H   NAV SPARE WORD 2
  <000016FA>   146.  NSPAREW3  EQU	$000016FA W 001 L H   NAV SPARE WORD 3
  <000016FC>   147.  NSPAREW4  EQU	$000016FC W 001 L H   NAV SPARE WORD 4
  <000016FE>   148.  NSPAREW5  EQU	$000016FE W 001 L H   NAV SPARE WORD 5
  <00001700>   149.  NSPAREW6  EQU	$00001700 W 001 L H   NAV SPARE WORD 6
  <00001702>   150.  NSPAREW7  EQU	$00001702 W 001 L H   NAV SPARE WORD 7
  <00001704>   151.  NSPAREW8  EQU	$00001704 W 001 L H   NAV SPARE WORD 8
  <00001706>   152.  NICOM1SQ  EQU	$00001706 W 001 L H   TEMP STORE OF ICOM1SQ 
  <00001708>   153.  NICOM2SQ  EQU	$00001708 W 001 L H   TEMP STORE OF ICOM2SQ 
  <0000170A>   154.  NMKRLVL   EQU	$0000170A B 001 L H   MARKER LEVEL
  <0000170B>   155.  NLF1LOS   EQU	$0000170B B 001 L H   ADF 1 IN LINE OF SIGHT
  <0000170C>   156.  NADF1TUN  EQU	$0000170C B 001 L H   ADF 1 STATION ID ENABL
  <0000170D>   157.  NADF2TUN  EQU	$0000170D B 001 L H   ADF 2 STATION ID ENABL
  <0000170E>   158.  NAV1TUN   EQU	$0000170E B 001 L H   NAV 1 STATION ID ENABL
  <0000170F>   159.  NAV2TUN   EQU	$0000170F B 001 L H   NAV 2 STATION ID ENABL
  <00001710>   160.  NAVFRZ	  EQU	$00001710 B 001 L H   NAV FREEZE
  <00001711>   161.  NBWOW	  EQU	$00001711 B 001 L H   NAV WEIGHT ON WHEELS
  <00001712>   162.  NIMTONE   EQU	$00001712 B 001 L H   IM TONE ENABLE
  <00001713>   163.  NIN1GSF   EQU	$00001713 B 001 L H   NAV 1 GLIDESLOPE FLAG
  <00001714>   164.  NINIT	  EQU	$00001714 B 001 L H   NAV INITIALIZATION FLAG
  <00001715>   165.  NMMTONE   EQU	$00001715 B 001 L H   MM TONE ENABLE
  <00001716>   166.  NOMTONE   EQU	$00001716 B 001 L H   OM TONE ENABLE
  <00001717>   167.  NRWR1	  EQU	$00001717 B 001 L H   IN RANGE 1 FLAG
  <00001718>   168.  NRWR2	  EQU	$00001718 B 001 L H   IN RANGE 2 FLAG
  <00001719>   169.  NRWR3	  EQU	$00001719 B 001 L H   IN RANGE 3 FLAG
  <0000171A>   170.  NRLOS	  EQU	$0000171A B 001 L H   IN LINE OF SIGHT FLAG
  <0000171B>   171.  NMKRVL	  EQU	$0000171B B 001 L H   MARKER BEACON STATION V
  <0000171C>   172.  NDME1TUN  EQU	$0000171C B 001 L H   DME1 TUNED FLAG
  <0000171D>   173.  NDME2TUN  EQU	$0000171D B 001 L H   DME2 TUNED FLAG
  <0000171E>   174.  NIMKEY	  EQU	$0000171E B 001 L H   INNER MARKER KEY
  <0000171F>   175.  NAMRA	  EQU	$0000171F B 001 L H   INNER MARKER RANGE
  <00001720>   176.  NMMRA	  EQU	$00001720 B 001 L H   MIDDLE MARKER RANGE
  <00001721>   177.  NOMRA	  EQU	$00001721 B 001 L H   OUTER MARKER RANGE
  <00001722>   178.  NVTC1	  EQU	$00001722 B 001 L H
  <00001723>   179.  NVTC2	  EQU	$00001723 B 001 L H
  <00001724>   180.  NAV1VOL   EQU	$00001724 B 001 L H   NAV1 VOLUME
  <00001725>   181.  NAV2VOL   EQU	$00001725 B 001 L H   NAV2 VOLUME
  <00001726>   182.  NLF1VOL   EQU	$00001726 B 001 L H
  <00001727>   183.  NCOM1OP   EQU	$00001727 B 001 L H   COMM1 OPERABLE FLAG
  <00001728>   184.  NCOM2OP   EQU	$00001728 B 001 L H   COMM2 OPERABLE FLAG
  <00001729>   185.  NMKRSNS   EQU	$00001729 B 001 L H   MARKER SENSE
  <0000172A>   186.  NIPFLAG   EQU	$0000172A B 001 L H   INITIAL POS FLAG
  <0000172B>   187.  UHDSET	  EQU	$0000172B B 001 L H   INITIAL POS HEADING FLA
  <0000172C>   188.  NMMKEY	  EQU	$0000172C B 001 L H   MIDDLE MARKER KEY
  <0000172D>   189.  NOMKEY	  EQU	$0000172D B 001 L H   OUTER MARKER KEY
  <0000172E>   190.  NAV1KY	  EQU	$0000172E B 001 L H   NAV 1 KEY
  <0000172F>   191.  NAV2KY	  EQU	$0000172F B 001 L H   NAV 2 KEY
  <00001730>   192.  NDM1KY	  EQU	$00001730 B 001 L H   DME 1 KEY
  <00001731>   193.  NDM2KY	  EQU	$00001731 B 001 L H   DME 2 KEY
  <00001732>   194.  NLF1KY	  EQU	$00001732 B 001 L H   ADF 1 KEY
  <00001733>   195.  NLF2KY	  EQU	$00001733 B 001 L H   ADF 1 KEY
  <00001734>   196.  NNV1VOL   EQU	$00001734 B 001 L H   TEMP STORE OF ONV1VOL
  <00001735>   197.  NNV2VOL   EQU	$00001735 B 001 L H   TEMP STORE OF ONV2VOL
  <00001736>   198.  NCDI1DO   EQU	$00001736 B 001 L H   TEMP STORE OF OCDI1DO
  <00001737>   199.  NCDI2DO   EQU	$00001737 B 001 L H   TEMP STORE OF OCDI2DO
  <00001738>   200.  NDMECTL   EQU	$00001738 B 001 L H
  <00001739>   201.  NENGAMP   EQU	$00001739 B 001 L H
  <0000173A>   202.  NPROPAMP  EQU	$0000173A B 001 L H
  <0000173B>   203.  NRUMBLE   EQU	$0000173B B 001 L H   RUMBLE
  <0000173C>   204.  NSTALL	  EQU	$0000173C B 001 L H   STALL WARNING
  <0000173D>   205.  NCOM1SQ   EQU	$0000173D B 001 L H   TEMP STORE OF OCOM1SQ
  <0000173E>   206.  NCOM2SQ   EQU	$0000173E B 001 L H   TEMP STORE OF OCOM2SQ
  <0000173F>   207.  NCOM1VOL  EQU	$0000173F B 001 L H TEMP STORE OF OCOM1VOL
  <00001740>   208.  NCOM2VOL  EQU	$00001740 B 001 L H TEMP STORE OF OCOM2VOL
  <00001741>   209.  NASCONT1  EQU	$00001741 B 001 L H TEMP STORE OF OASCONT1
  <00001742>   210.  NASCONT2  EQU	$00001742 B 001 L H TEMP STORE OF OASCONT2
  <00001743>   211.  NASCONT3  EQU	$00001743 B 001 L H TEMP STORE OF OASCONT3
  <00001744>   212.  NMKRDOB   EQU	$00001744 B 001 L H TEMP STORE FOR OMKRDO
  <00001745>   213.  NDS1DO15  EQU	$00001745 B 001 L H TEMP STORE FOR ODS1DO15 
  <00001746>   214.  NSPAREB1  EQU	$00001746 B 001 L H   SPARE BYTE 1
  <00001747>   215.  NSPAREB2  EQU	$00001747 B 001 L H   SPARE BYTE 2
  <00001748>   216.  NSPAREB3  EQU	$00001748 B 001 L H   SPARE BYTE 3
  <00001749>   217.  NSPAREB4  EQU	$00001749 B 001 L H   SPARE BYTE 4
  <0000174A>   218.  NSPAREB5  EQU	$0000174A B 001 L H   SPARE BYTE 5
  <0000174B>   219.  NSPAREB6  EQU	$0000174B B 001 L H   SPARE BYTE 6
  <0000174C>   220.  NSPAREB7  EQU	$0000174C B 001 L H   SPARE BYTE 7
  <0000174D>   221.  NSPAREB8  EQU	$0000174D B 001 L H   SPARE BYTE 8
  <0000174E>   222.  NSPAREB9  EQU	$0000174E B 001 L H   SPARE BYTE 9
  <0000174F>   223.  NSPAREBA  EQU	$0000174F B 001 L H   SPARE BYTE 10
    0 Errors detected
9>   217.  NSPAREB4  EQU	$00001749 B 001 L H   SPARE BYTE 4
  <000