Quelo   ...M68K D2.0C  3/12/85   ...Run on Dec 4, 2025  13:47:57
D:SPEED.A68 , D:SPEED.ERR = D:SPEED.SA

  <0000147A>     6.  FALPHA	  EQU	$0000147A L 001 L S25  ANGLE OF ATTACK (DEGRE
  <0000147E>     7.  FBALL	  EQU	$0000147E L 001 L S20  IND BALL WIDTHS/1.6  AT
  <00001482>     8.  FBETA	  EQU	$00001482 L 001 L S25  SIDE SLIP ANGLE(DEGREES
  <00001486>     9.  FHF	  EQU	$00001486 L 001 L S17  GEOMETRIC FIELD ELEV(FT)A
  <0000148A>    10.  FHGGND	  EQU	$0000148A L 001 L S17  FLT HEIGHT ABOVE GROUN
  <0000148E>    11.  FHFP	  EQU	$0000148E L 001 L S17  FIELD PRESSURE ALTITUDE(
  <00001492>    12.  FHP	  EQU	$00001492 L 001 L S17  PRESSURE ALTITUDE(FT)AT 2
  <00001496>    13.  FLAMBDA   EQU	$00001496 L 001 L S24  LAMBDA(BALL ANGLE)(DE
  <0000149A>    14.  FPA	  EQU	$0000149A L 001 L S22  ROLL RATE(DEG/SEC)AT 2-22
  <0000149E>    15.  FPHI	  EQU	$0000149E L 001 L S22  BANK ANGLE(DEGREES)AT 2-
  <000014A2>    16.  FPHIFRZ   EQU	$000014A2 L 001 L S22  FROZEN BANK ANGLE AT 
  <000014A6>    17.  FPSI	  EQU	$000014A6 L 001 L S22  HEADING ANGLE(DEGREES)AT
  <000014AA>    18.  FQA	  EQU	$000014AA L 001 L S25  PITCH RATE(DEG/SEC)AT 2-2
  <000014AE>    19.  FRA	  EQU	$000014AE L 001 L S25  RATE OF TURN(DEG/SEC)AT 2
  <000014B2>    20.  FRCHOLD   EQU	$000014B2 L 001 L S22  RATE OF CLIMB HOLD IN
  <000014B6>    21.  FRCLIMB   EQU	$000014B6 L 001 L S22  INDICATED RATE OF CLI
  <000014BA>    22.  FROLLHLD  EQU	$000014BA L 001 L S22  BANK HOLD INTEGRATER 
  <000014BE>    23.  FRCLIMB1  EQU	$000014BE L 001 L S03  RATE OF CLIMB (FEET/M
  <000014C2>    24.  FHG	  EQU	$000014C2 L 001 L S17  GEOMETRIC ALTITUDE AT 2-1
  <000014C6>    25.  FTEMP3	  EQU	$000014C6 L 001 L S03  FLIGHT SPARE
  <000014CA>    26.  FTEMP4	  EQU	$000014CA L 001 L S04  FLIGHT SPARE
  <000014CE>    27.  FTEMP5	  EQU	$000014CE L 001 L S05  FLIGHT SPARE
  <000014D2>    28.  FTEMP6	  EQU	$000014D2 L 001 L S06  FLIGHT SPARE
  <000014D6>    29.  FTHETA	  EQU	$000014D6 L 001 L S25  PITCH ANGLE(DEGREES)AT
  <000014DA>    30.  FUEW	  EQU	$000014DA L 001 L S21  NORTH/SOUTH GROUND VEL.(
  <000014DE>    31.  FVCAL	  EQU	$000014DE L 001 L S22  INDICATED AIRSPEED(FT/S
  <000014E2>    32.  FVEW	  EQU	$000014E2 L 001 L S21  EAST/WEST GROUND VEL.(FT
  <000014E6>    33.  FVP	  EQU	$000014E6 L 001 L S22  TRUE AIRSPEED(FT/SEC)AT 2
  <000014EA>    34.  FVPGND	  EQU	$000014EA L 001 L S21  TRUE GROUND VELOCITY(F
  <000014EE>    35.  FALPHDOT  EQU	$000014EE W 001 L S07  RATE OF CHANGE OF ANG
  <000014F0>    36.  FAZA	  EQU	$000014F0 W 001 L S12  VERTICAL ACCELERATION (G
  <000014F2>    37.  FAZADOT   EQU	$000014F2 W 001 L S12  RATE OF CHANGE OF AZA
  <000014F4>    38.  FBETADOT  EQU	$000014F4 W 001 L S07  RATE OF CHANGE OF SID
  <000014F6>    39.  FCG	  EQU	$000014F6 W 001 L S09  CENTER OF GRAVITY(%)AT 2-
  <000014F8>    40.  FCL	  EQU	$000014F8 W 001 L S13  LIFT COEFFICIENT AT 2-13
  <000014FA>    41.  FCOSALPH  EQU	$000014FA W 001 L S15  COSINE OF ANGLE OF AT
  <000014FC>    42.  FCOSPHI   EQU	$000014FC W 001 L S15  COSINE OF BANK ANGLE 
  <000014FE>    43.  FCOSPSI   EQU	$000014FE W 001 L S15  COSINE OF HEADING ANG
  <00001500>    44.  FCOSPSIW  EQU	$00001500 W 001 L S15  COSINE CORRECTED WIND
  <00001502>    45.  FCOSTHET  EQU	$00001502 W 001 L S15  COSINE OF PITCH ANGLE
  <00001504>    46.  FDELAIL   EQU	$00001504 W 001 L S14  AILERON DEFLECTION(NO
  <00001506>    47.  FDELEV	  EQU	$00001506 W 001 L S14  ELEVATOR DEFLECTION (N
  <00001508>    48.  FDELRUD   EQU	$00001508 W 001 L S14  RUDDER DEFLECTION(NOR
  <0000150A>    49.  FDELTATK  EQU	$0000150A W 001 L S09  AIR TEMP DELTA TK (DE
  <0000150C>    50.  FELTRIM   EQU	$0000150C W 001 L S14  STAB TRIM(NORMALIZED)
  <0000150E>    51.  FFLAPS	  EQU	$0000150E W 001 L S14  FLAP POSITION(NORMALIZ
  <00001510>    52.  FFXA	  EQU	$00001510 W 001 L S03  AERO DRAG(QSCD)(LBS)AT 2
  <00001512>    53.  FFZA	  EQU	$00001512 W 001 L S02  VERTICAL FORCE(LBS)DOWN 
  <00001514>    54.  FGAMMA	  EQU	$00001514 W 001 L S10  FLIGHT PATH ELEVATION 
  <00001516>    55.  FHDOT	  EQU	$00001516 W 001 L S06  RATE OF CLIMB(FT/SEC)AT
  <00001518>    56.  FICOSPHI  EQU	$00001518 W 001 L S15  COSINE(INDICATER BANK
  <0000151A>    57.  FISINPHI  EQU	$0000151A W 001 L S15  SINE(INDICATER BANK A
  <0000151C>    58.  FLAMDOT   EQU	$0000151C W 001 L S08  RATE OF CHANGE OF LAM
  <0000151E>    59.  FMPX	  EQU	$0000151E W 001 L S01  MULTIPLEX COUNTER AT 2-1
  <00001520>    60.  FPADOT	  EQU	$00001520 W 001 L S06  ROLL RATE DOT(DEG/SEC.
  <00001522>    61.  FPBAR	  EQU	$00001522 W 001 L S10  TOTAL BARO PRESSURE(INC
  <00001524>    62.  FPSIDOT   EQU	$00001524 W 001 L S08  RATE OF CHANGE OF HEA
  <00001526>    63.  FQ	  EQU	$00001526 W 001 L S06  DYNAMIC PRESSURE (LB/FT SQ
  <00001528>    64.  FQADOT	  EQU	$00001528 W 001 L S07  PITCH RATE DOT(DEG/SEC
  <0000152A>    65.  FPHIDOT   EQU	$0000152A W 001 L S08  RATE OF CHANGE OF BAN
  <0000152C>    66.  FRADOT	  EQU	$0000152C W 001 L S07  TURN RATE DOT(DEG/SEC 
  <0000152E>    67.  FRAND	  EQU	$0000152E W 001 L S15  RANDOM NUMBER AT 2-15
  <00001530>    68.  FRUFAIR   EQU	$00001530 W 001 L S06  VP*ROUGH AIR AT 2-6
  <00001532>    69.  FSINALPH  EQU	$00001532 W 001 L S15  SINE OF ANGLE OF ATTA
  <00001534>    70.  FSINGAMA  EQU	$00001534 W 001 L S15  SINE FLIGHT PATH ELEV
  <00001536>    71.  FSINPHI   EQU	$00001536 W 001 L S15  SINE BANK ANGLE AT 2-
  <00001538>    72.  FSINPSI   EQU	$00001538 W 001 L S15  SINE HEADING ANGLE AT
  <0000153A>    73.  FSINPSIW  EQU	$0000153A W 001 L S15  SINE CORRECTED WIND D
  <0000153C>    74.  FSINTHET  EQU	$0000153C W 001 L S15  SINE PITCH ANGLE AT 2
  <0000153E>    75.  FTHETDOT  EQU	$0000153E W 001 L S08  RATE OF CHANGE OF PIT
  <00001540>    76.  FTIMER10  EQU	$00001540 W 001 L S00  POWER UP TIMER AT 2-0
  <00001542>    77.  FTIMER50  EQU	$00001542 W 001 L S00  INITIALIZATION TIMER 
  <00001544>    78.  FVPDOT	  EQU	$00001544 W 001 L S08  RATE OF CHANGE OF TRUE
  <00001546>    79.  FVPINV	  EQU	$00001546 W 001 L S04  1845/VP AT 2-4
  <00001548>    80.  FVW	  EQU	$00001548 W 001 L S08  WIND VELOCITY(KNOTS)AT 2-
  <0000154A>    81.  FWG	  EQU	$0000154A W 001 L S03  GROSS WEIGHT(LBS)AT 2-3
  <0000154C>    82.  FWGINV	  EQU	$0000154C W 001 L S17  1/WT AT 2-17
  <0000154E>    83.  FWOW	  EQU	$0000154E W 001 L S12  WT ON WHEELS(G'S)AT 2-12
  <00001550>    84.  FBAROPR   EQU	$00001550 W 001 L S15  INST BARO PRESS	(A/I)
  <00001552>    85.  FRAAMPL   EQU	$00001552 W 001 L S15  INST ROUGH AIR MAGNIT
  <00001554>    86.  FENGVOL   EQU	$00001554 W 001 L S15  INST ENG SOUND VOLUME
  <00001556>    87.  FFUELQR   EQU	$00001556 W 001 L S15  INST FUEL QTY (RIGHT)
  <00001558>    88.  FFUELQL   EQU	$00001558 W 001 L S15  INST FUEL QTY (LEFT)	
  <0000155A>    89.  FCYLTP	  EQU	$0000155A W 001 L S15  INST CLL TEMP		 (A/I) 
  <0000155C>    90.  FOILTP	  EQU	$0000155C W 001 L S15  INST OIL TEMP		 (A/I) 
  <0000155E>    91.  FOILPR	  EQU	$0000155E W 001 L S15  INST OIL PRESS		 (A/I)
  <00001560>    92.  FSPARE0   EQU	$00001560 W 001 L S15  INST SPARE		 (A/I)
  <00001562>    93.  FSPARE1   EQU	$00001562 W 001 L S15  INST SPARE		 (A/I)
  <00001564>    94.  FWINDVEL  EQU	$00001564 W 001 L S15  INST WIND VELOCITY	 (
  <00001566>    95.  FWINDC	  EQU	$00001566 W 001 L S15  INST COS WIND DIRECTIO
  <00001568>    96.  FWINDS	  EQU	$00001568 W 001 L S15  INST SINE WIND DIRECTI
  <0000156A>    97.  FOAT	  EQU	$0000156A W 001 L S15  INST OUTSIDE AIR TEMP  (
  <0000156C>    98.  FGRWT	  EQU	$0000156C W 001 L S15  INST GROSS WT INPUT(A/I
  <0000156E>    99.  FCGIN	  EQU	$0000156E W 001 L S15  INST CG INPUT	 (A/I) +1
  <00001570>   100.  FALTFRZ   EQU	$00001570 B 001 L H    1=FREEZE ALTITUDE
  <00001571>   101.  FALTSDN   EQU	$00001571 B 001 L H    1=SLEW ALTITUDE DOWN
  <00001572>   102.  FALTSUP   EQU	$00001572 B 001 L H    1=SLEW ALTITUDE UP
  <00001573>   103.  FBFIELD   EQU	$00001573 B 001 L H    1=B FIELD SELECTED
  <00001574>   104.  FBRAKE	  EQU	$00001574 B 001 L H    1=PARK BRAKE APPLIED
  <00001575>   105.  FFREEZE   EQU	$00001575 B 001 L H    1=FLIGHT FREEZE
  <00001576>   106.  FINIT	  EQU	$00001576 B 001 L H    1=LOAD INITIALIZED
  <00001577>   107.  FMODE1	  EQU	$00001577 B 001 L H    1=MODE 1 (PA,RA,BETA,P
  <00001578>   108.  FMODE2	  EQU	$00001578 B 001 L H    1=MODE 2 (ALTITUDE HOL
  <00001579>   109.  FMODE3	  EQU	$00001579 B 001 L H    1=MODE 3 (BANK HOLD)
  <0000157A>   110.  FSTALL	  EQU	$0000157A B 001 L H    1=STALLED
  <0000157B>   111.  FWOG	  EQU	$0000157B B 001 L H    1=ON GROUND
  <0000144C>   113.  EPROPCTL  EQU	$0000144C L 001 L S29  PROP CONTROL POS(NORM
  <00001450>   114.  ENTHROTT  EQU	$00001450 L 001 L S29  THROTTLE POSITION (NO
  <00001454>   115.  ESPARE1   EQU	$00001454 L 001 L S05  SPARE ENGINE CORE
  <00001458>   116.  EBHP	  EQU	$00001458 W 001 L S06  BRAKE HORSEPOWER AT 2-6
  <0000145A>   117.  EFUELMIX  EQU	$0000145A W 001 L S13  FUEL MIX CONTROL (NOR
  <0000145C>   118.  EMAP	  EQU	$0000145C W 001 L S09  MANIFOLD PRESSURE AT 2-9
  <0000145E>   119.  ENRPMDOT  EQU	$0000145E W 001 L S03  RPM DOT
  <00001460>   120.  EIRPM	  EQU	$00001460 W 001 L S15  INDICATED RPM
  <00001462>   121.  ENFULL	  EQU	$00001462 W 001 L S03  RPM @ FULL THROTTLE 2-
  <00001464>   122.  ENIDLE	  EQU	$00001464 W 001 L S03  RPM @ IDLE THROTTLE 2-
  <00001466>   123.  ENRPM	  EQU	$00001466 W 001 L S03  RPM 2-3
  <00001468>   124.  ENRPMDEM  EQU	$00001468 W 001 L S03  RPM DEMANDED 2-3
  <0000146A>   125.  ENTHRUST  EQU	$0000146A W 001 L S05  THRUST (LBS.) 2-5
  <0000146C>   126.  ERPMWM	  EQU	$0000146C W 001 L S03  WINDMILL RPM 2-3
  <0000146E>   127.  EFEATHER  EQU	$0000146E B 001 L H    1=PROP FEATHERED
  <0000146F>   128.  EFIRED	  EQU	$0000146F B 001 L H    1=ENGINE FIRED
  <00001470>   129.  EFAIL	  EQU	$00001470 B 001 L H    1=ENGINE FAILED
  <00001471>   130.  ECUTOFF   EQU	$00001471 B 001 L H    1=FUEL CUTOFF
  <00001472>   131.  EIGNITN   EQU	$00001472 B 001 L H    1=IGNITION ON
  <00001473>   132.  EMASTER   EQU	$00001473 B 001 L H    1=MASTER SWITCH ON
  <00001474>   133.  ESTART	  EQU	$00001474 B 001 L H    1=START SWITCH ON
  <00001475>   134.  EMAGLT	  EQU	$00001475 B 001 L H    1=LEFT MAG ON
  <00001476>   135.  EMAGRT	  EQU	$00001476 B 001 L H    1=RIGHT MAG ON
  <00001477>   136.  ECARBHT   EQU	$00001477 B 001 L H    1=CARBURETOR HEAT ON
  <00001478>   137.  EMAGBOTH  EQU	$00001478 B 001 L H    1=BOTH MAG ON
  <00001479>   138.  ESPAREB1  EQU	$00001479 B 001 L H    SPARE BYTE
  <00000205>   140.  OFUELLT      EQU    $00000205		LEFT FUEL QTY		 0V=0,+10V=2
  <00000209>   141.  OFUELRT      EQU    $00000209		RIGHT FUEL QTY		 0V=0,+10V=
  <00000211>   142.  OOILP	     EQU    $00000211		OIL PRESSURE		 0V=0,+10V=100
  <00000215>   143.  OCYLT	     EQU    $00000215		CYL. HEAD TEMP. 	 0V=0,+10V=4
  <00000201>   144.  OOILT	     EQU    $00000201		OIL TEMP		 0V=0,+10V=260
  <00000221>   146.  ITHR1	     EQU    $00000221		THROTTLE		 +10V=FULL,+4.6
  <00000225>   147.  IMIX1	     EQU    $00000225		MIXTURE 		 +3.3V=FULL RIC
  <00000229>   148.  ICARBH1      EQU    $00000229		CARB. HEAT		 -3.3V=ON,-10V=
  <00000231>   149.  IPROP1	     EQU    $00000231		PROP.			 -4.93V=MAX,-10
  <00000241>   151.  IELEV	     EQU    $00000241		ELEVATOR CONTROL	  +7.33V=UP,
  <00000245>   152.  IAIL	     EQU    $00000245		AILERON CONTROL 	  +6.5V=RT,-6
  <00000249>   153.  IRUD	     EQU    $00000249		RUDDER CONTROL		  +3.5V=RT,-3.
  <00000251>   154.  IELEVT	     EQU    $00000251		ELEVATOR TRIM		  +7V=UP,-2.3
  <00000261>   156.  OTURNP	     EQU    $00000261		TURN NEEDLE		  +10V=6 NW RT,
  <00000265>   157.  OBALLP	     EQU    $00000265		BALL			  +10V=1.6 BW R
  <00000271>   159.  OIRCP	     EQU    $00000271		R/C			  +10V=2000 FT
  <00000281>   161.  OALTMP	     EQU    $00000281		ALTIMETER		  0V=-1000 FT,-
  <00000291>   163.  OIASP	     EQU    $00000291		INDICATED AIRSPEED	  0V=0 MPH
  <000002A1>   165.  OIRPM	     EQU    $000002A1		RPM			  0V=0 RPM,+10V
  <000002B1>   167.  OIMAP1	     EQU    $000002B1		MAP			  0V=29.92 IN H
  <000002C9>   169.  OATTPIT      EQU    $000002C9		ATTITUDE PITCH		  +10V=15 D
  <000002C5>   170.  OATTROLS     EQU    $000002C5		ATTITUDE ROLL SIN	  +10V=SI
  <000002C1>   171.  OATTROLC     EQU    $000002C1		ATTITUDE ROLL COS	  +10V=CO
  <000002D1>   173.  IMPSDI1      EQU    $000002D1		PANEL SWITCHES #1
  <00000007>   174.  IMSTSW	     EQU    7			MASTER SWITCH ON
  <00000006>   175.  IIGNST	     EQU    6			IGNITION SWITCH START
  <00000005>   176.  IIGNBT	     EQU    5			IGNITION SWITCH BOTH
  <00000004>   177.  IIGNRT	     EQU    4			IGNITION SWITCH RIGHT
  <00000003>   178.  IIGNLT	     EQU    3			IGNITION SWITCH LEFT
  <00000002>   179.  IRMI1ADF     EQU    2			RMI #1 PTR ADF
  <00000000>   180.  ILINKPWR     EQU    0			1=LINKAGE POWER ON
  <000002D3>   181.  IMPSDI2      EQU    $000002D3		PANEL SWITCHES #2
  <00000007>   182.  IPARKBK      EQU    7			PARKING BRAKE ON
  <00000006>   183.  IFLAPUP      EQU    6			FLAP SWITCH UP
  <00000005>   184.  IFLAPHLF     EQU    5			FLAP SWITCH 1/2
  <00000004>   185.  IFLAPDN      EQU    4			FLAP SWITCH DOWN
  <00000003>   186.  IMONNAV1     EQU    3			MONITOR NAV1
  <00000002>   187.  IMONNAV2     EQU    2			MONITOR NAV2
  <00000001>   188.  IMONADF1     EQU    1			MONITOR ADF1
  <00000000>   189.  IXRCOM1      EQU    0			XMIT/REC COMM1
  <0000040D>   191.  INAV1F1      EQU    $0000040D		NAV1 FREQ WORD 1
  <00000007>   192.  I117NAV1     EQU    7			NAV1 117
  <00000006>   193.  I116NAV1     EQU    6			NAV1 116
  <00000005>   194.  I115NAV1     EQU    5			NAV1 115
  <00000004>   195.  I114NAV1     EQU    4			NAV1 114
  <00000003>   196.  I113NAV1     EQU    3			NAV1 113
  <00000002>   197.  I112NAV1     EQU    2			NAV1 112
  <00000001>   198.  I111NAV1     EQU    1			NAV1 111
  <00000000>   199.  I110NAV1     EQU    0			NAV1 110
  <00000411>   200.  INAV1F2      EQU    $00000411		NAV1 FREQ WORD 2
  <00000007>   201.  I109NAV1     EQU    7			NAV1 109
  <00000006>   202.  I108NAV1     EQU    6			NAV1 108
  <00000005>   203.  I9THNAV1     EQU    5			NAV1 .9
  <00000004>   204.  I8THNAV1     EQU    4			NAV1 .8
  <00000003>   205.  I7THNAV1     EQU    3			NAV1 .7
  <00000002>   206.  I6THNAV1     EQU    2			NAV1 .6
  <00000001>   207.  I5THNAV1     EQU    1			NAV1 .5
  <00000000>   208.  I4THNAV1     EQU    0			NAV1 .4
  <00000413>   209.  INAV1F3      EQU    $00000413		NAV1 FREQ WORD 3
  <00000007>   210.  I3THNAV1     EQU    7			NAV1 .3
  <00000006>   211.  I2THNAV1     EQU    6			NAV1 .2
  <00000005>   212.  I1THNAV1     EQU    5			NAV1 .1
  <00000004>   213.  I0THNAV1     EQU    4			NAV1 .0
  <00000003>   214.  INAV1ILS     EQU    3			NAV1 ILS SELECTED
  <00000002>   215.  INAV1ON      EQU    2			NAV1 POWER ON
  <00000001>   216.  INAV1ID      EQU    1			NAV1 ID ON
  <00000401>   217.  INAV1VOL     EQU    $00000401		NAV1 VOLUME
  <00000409>   218.  ICOM1SQ      EQU    $00000409		COMM1 SQUELCH
  <00000405>   219.  ICOM1VOL     EQU    $00000405		COMM1 VOLUME
  <0000042D>   221.  INAV2F1      EQU    $0000042D		NAV2 FREQ WORD 1
  <00000007>   222.  I117NAV2     EQU    7			NAV2 117
  <00000006>   223.  I116NAV2     EQU    6			NAV2 116
  <00000005>   224.  I115NAV2     EQU    5			NAV2 115
  <00000004>   225.  I114NAV2     EQU    4			NAV2 114
  <00000003>   226.  I113NAV2     EQU    3			NAV2 113
  <00000002>   227.  I112NAV2     EQU    2			NAV2 112
  <00000001>   228.  I111NAV2     EQU    1			NAV2 111
  <00000000>   229.  I110NAV2     EQU    0			NAV2 110
  <00000431>   230.  INAV2F2      EQU    $00000431		NAV2 FREQ WORD 2
  <00000007>   231.  I109NAV2     EQU    7			NAV2 109
  <00000006>   232.  I108NAV2     EQU    6			NAV2 108
  <00000005>   233.  I9THNAV2     EQU    5			NAV2 .9
  <00000004>   234.  I8THNAV2     EQU    4			NAV2 .8
  <00000003>   235.  I7THNAV2     EQU    3			NAV2 .7
  <00000002>   236.  I6THNAV2     EQU    2			NAV2 .6
  <00000001>   237.  I5THNAV2     EQU    1			NAV2 .5
  <00000000>   238.  I4THNAV2     EQU    0			NAV2 .4
  <00000433>   239.  INAV2F3      EQU    $00000433		NAV2 FREQ WORD 3
  <00000007>   240.  I3THNAV2     EQU    7			NAV2 .3
  <00000006>   241.  I2THNAV2     EQU    6			NAV2 .2
  <00000005>   242.  I1THNAV2     EQU    5			NAV2 .1
  <00000004>   243.  I0THNAV2     EQU    4			NAV2 .0
  <00000003>   244.  INAV2ILS     EQU    3			NAV2 ILS SELECTED
  <00000002>   245.  INAV2ON      EQU    2			NAV2 POWER ON
  <00000001>   246.  INAV2ID      EQU    1			NAV2 ID ON
  <00000421>   247.  INAV2VOL     EQU    $00000421		NAV2 VOLUME
  <00000429>   248.  ICOM2SQ      EQU    $00000429		COMM2 SQUELCH
  <00000425>   249.  ICOM2VOL     EQU    $00000425		COMM2 VOL
  <00000449>   251.  OADF1TM      EQU    $00000449		ADF1 TUNING METER
  <00000441>   252.  IADF1VOL     EQU    $00000441		ADF1 VOLUME
  <00000445>   253.  IADF1FRQ     EQU    $00000445		ADF1 FREQ
  <0000044D>   254.  IADF1DI      EQU    $0000044D		ADF1 CONTROL DISCRETE IN
  <00000007>   255.  IADF1B1      EQU    7			ADF BAND 1 190 TO 430
  <00000006>   256.  IADF1B2      EQU    6			ADF BAND 2 420 TO 850
  <00000005>   257.  IADF1B3      EQU    5			ADF BAND 3 840 TO 1750
  <00000004>   258.  IADF1TST     EQU    4			ADF1 TEST
  <00000003>   259.  IADF1REC     EQU    3			ADF1 RECEIVE MODE
  <00000002>   260.  IADF1ADF     EQU    2			ADF1 ADF MODE
  <00000001>   261.  IADF1MKR     EQU    1			ADF1 MARKER ON
  <000004B5>   263.  ORMIHS	     EQU    $000004B5		RMI SIN MAG HEADING
  <000004B1>   264.  ORMIHC	     EQU    $000004B1		RMI COS MAG HEADING
  <00000451>   266.  ONAV1LR      EQU    $00000451		NAV1 COURSE DEVIATION
  <00000459>   267.  ONAV1GS      EQU    $00000459		NAV1 GLIDE SLOPE DEV.
  <00000455>   268.  ONAV1TF      EQU    $00000455		NAV1 TO/OFF/FROM
  <00000461>   269.  ICRS1SC      EQU    $00000461		COURSE SEL 1 SIN/COS
  <00000465>   270.  OCDI1DO      EQU    $00000465		CDI 1 DISCRETE OUT
  <00000000>   271.  OCRS1SEL     EQU    0			COURSE SEL 1 EXCITATION
  <00000001>   272.  ONAV1GSF     EQU    1			NAV1 G/S FLAG 00V
  <00000467>   273.  ICRS1DI      EQU    $00000467		CDI 1 DISCRETE IN
  <00000007>   274.  INAV1TST     EQU    7			NAV 1 TEST
  <00000471>   276.  ONAV2LR      EQU    $00000471		NAV2 COURSE DEVIATION
  <00000479>   277.  ONAV2GS      EQU    $00000479		NAV2 GLIDE SLOPE DEV.
  <00000475>   278.  ONAV2TF      EQU    $00000475		NAV2 TO/OFF/FROM
  <00000481>   279.  ICRS2SC      EQU    $00000481		COURSE SEL 2 SIN/COS
  <00000485>   280.  OCDI2DO      EQU    $00000485		CDI 2 DISCRETE OUT
  <00000000>   281.  OCRS2SEL     EQU    0			COURSE SEL 2 EXCITATION
  <00000001>   282.  ONAV2GSF     EQU    1			NAV2 G/S FLAG 00V
  <00000487>   283.  ICRS2DI      EQU    $00000487		CDI 2 DISCRETE IN
  <00000007>   284.  INAV2TST     EQU    7			NAV 2 TEST
  <000004A9>   286.  ORMI1S	     EQU    $000004A9		RMI SIN #1 PTR
  <000004A5>   287.  ORMI1C	     EQU    $000004A5		RMI COS #1 PTR
  <000004A1>   288.  ORMI2S	     EQU    $000004A1		RMI SIN #2 PTR
  <00000499>   289.  ORMI2C	     EQU    $00000499		RMI COS #2 PTR
  <00000601>   291.  IINSTAI1     EQU    $00000601		INSTRUCTOR #1 AI
  <00000605>   292.  IINSTAI2     EQU    $00000605		INSTRUCTOR #2 AI
  <00000609>   293.  IAI1MPX      EQU    $00000609		MULTIPLEXER #1
  <0000060B>   294.  IAI2MPX      EQU    $0000060B		MULTIPLEXER #2
  <0000061B>   295.  IINSTDI1     EQU    $0000061B		INSTRUCTOR #1 DI
  <00000007>   296.  IBFIELD      EQU    7			B FIELD SELECTED
  <00000003>   297.  IENGFAIL     EQU    3			ENGINE FAIL
  <00000002>   298.  IPITON	     EQU    2			PITCH MOTION ON
  <00000001>   299.  IROLLON      EQU    1			ROLL MOTION ON
  <00000000>   300.  IYAWON	     EQU    0			YAW MOTION ON
  <00000619>   301.  IFAIL1	     EQU    $00000619		INSTRUCTER FAIL #1
  <00000007>   302.  IDGFAIL      EQU    7			DG FAIL
  <00000006>   303.  IATGFAIL     EQU    6			ATTITUDE IND FAIL
  <00000005>   304.  IIASFAIL     EQU    5			AIRSPEED IND FAIL
  <00000004>   305.  IALTFAIL     EQU    4			ALTIMETER FAIL
  <00000003>   306.  IRCFAIL      EQU    3			RATE OF CLIMB IND FAIL
  <00000002>   307.  ITNFAIL      EQU    2			TURN NEEDLE FAIL
  <00000001>   308.  IVL2FAIL     EQU    1			VOR/LOC 2  FAIL
  <00000000>   309.  IVL1FAIL     EQU    0			VOR/LOC 1  FAIL
  <0000061D>   310.  IRCDRDI      EQU    $0000061D		RECORDER DI
  <00000007>   311.  ISLEWN	     EQU    7			SLEW NORTH
  <00000006>   312.  ISLEWS	     EQU    6			SLEW SOUTH
  <00000005>   313.  ISLEWE	     EQU    5			SLEW EAST
  <00000004>   314.  ISLEWW	     EQU    4			SLEW WEST
  <00000003>   315.  IAPPR2	     EQU    3			APPROACH 2 SELECTED
  <00000002>   316.  IAPPR1	     EQU    2			APPROACH 1 SELECTED
  <00000001>   317.  ICCMODE      EQU    1			CROSS COUNTRY SELECTED
  <00000000>   318.  IPOSFRZ      EQU    0			POSITION FREEZE
  <00000611>   319.  ORCDNSD      EQU    $00000611		(A/0)+10V=7.5 IN NORTH,-10V
  <00000615>   320.  ORCDEWD      EQU    $00000615		(A/0)+10V=7.5 IN EAST,-10V=
  <0000061F>   321.  IFAIL2	     EQU    $0000061F		INSTRUCTER FAIL #2
  <00000007>   322.  IGSFAIL      EQU    7			GLIDESLOPE FAIL
  <00000006>   323.  ILF1FAIL     EQU    6			ADF FAIL
  <00000621>   325.  OMOTPITR     EQU    $00000621		MOTION PITCH RATE     +10V=
  <00000625>   326.  OMOTROLR     EQU    $00000625		MOTION ROLL RATE      +10V=
  <00000629>   327.  OMOTTRNR     EQU    $00000629		MOTION TURN RATE      +10V=
  <00000639>   328.  ICPHDGS      EQU    $00000639		SIN COCKPIT HEADING   +10V=
  <0000063D>   329.  ICPHDGC      EQU    $0000063D		COS COCKPIT HEADING   +10V=
  <00000631>   330.  ICPPITS      EQU    $00000631		SIN COCKPIT PITCH     +10V=
  <00000635>   331.  ICPROLS      EQU    $00000635		SIN COCKPIT ROLL      +10V=
  <0000062D>   332.  IINSTMDI     EQU    $0000062D		INSTRUCTER CONTROL DI	  CAR
  <00000007>   333.  IALTFRZ      EQU    7			ALTITUDE FREEZE
  <00000006>   334.  IALTSUP      EQU    6			ALTITUDE SLEW UP
  <00000005>   335.  IALTSDN      EQU    5			ALTITUDE SLEW DOWN
  <00000004>   336.  IFLTFRZ      EQU    4			FLIGHT FREEZE
  <00000003>   337.  IENGFIR      EQU    3			ENGINE FIRED BYPASS
  <00000002>   338.  IMODE1	     EQU    2			MODE 1
  <00000001>   339.  IMODE2	     EQU    1			MODE 2
  <00000000>   340.  IMODE3	     EQU    0			MODE 3
  <00000651>   342.  ONV1RNKY     EQU    $00000651		NAV1 RNG ATT/KEY
  <00000655>   343.  ONV1WNL      EQU    $00000655		NAV1 WHITE NOISE LEVEL
  <00000659>   344.  ODM1RNKY     EQU    $00000659		DME1 RNG ATT/KEY
  <0000065D>   345.  ONV1VOL      EQU    $0000065D		NAV1 VOLUME LEVEL
  <0000064D>   346.  ODMECTL      EQU    $0000064D		NAV  DME CONTROL
  <00000007>   347.  ODM1SEP      EQU    7			NAV1 DME SEPARATE
  <00000006>   348.  ODM2SEP      EQU    6			NAV2 DME SEPARATE
  <00000653>   349.  ONV2RNKY     EQU    $00000653		NAV2 RNG ATT/KEY
  <00000657>   350.  ONV2WNL      EQU    $00000657		NAV2 WHITE NOISE LEVEL
  <0000065B>   351.  ODM2RNKY     EQU    $0000065B		DME2 RNG ATT/KEY
  <0000065F>   352.  ONV2VOL      EQU    $0000065F		NAV2 VOLUME LEVEL
  <00000641>   353.  OLF1RNKY     EQU    $00000641		ADF1 RNG ATT/KEY
  <00000645>   354.  OLF1WNL      EQU    $00000645		ADF1 WHITE NOISE LEVEL
  <00000649>   355.  OLF1VOL      EQU    $00000649		ADF1 VOLUME LEVEL
  <00000643>   356.  OLF2RNKY     EQU    $00000643		ADF2 RNG ATT/KEY
  <00000647>   357.  OLF2WNL      EQU    $00000647		ADF2 WHITE NOISE LEVEL
  <0000064B>   358.  OLF2VOL      EQU    $0000064B		ADF2 VOLUME LEVEL
  <00000663>   360.  OOMRAKY      EQU    $00000663		OM RANGE/KEY
  <00000665>   361.  OMMRAKY      EQU    $00000665		MM RANGE/KEY
  <00000667>   362.  OAMRAKY      EQU    $00000667		AM RANGE/KEY
  <00000669>   363.  OMKRTST      EQU    $00000669		MARKER TEST
  <0000066B>   364.  OMKRVOL      EQU    $0000066B		MKR VOLUME
  <00000661>   365.  OMKRDO	     EQU    $00000661		MKR DISCRETE OUT
  <00000007>   366.  OOMFAIL      EQU    7			OM FAIL
  <00000006>   367.  OOMRAATT     EQU    6			OM RANGE ATT.
  <00000005>   368.  OMMFAIL      EQU    5			MM FAIL
  <00000004>   369.  OMMRAATT     EQU    4			MM RANGE ATT.
  <00000003>   370.  OAMFAIL      EQU    3			AM FAIL
  <00000002>   371.  OAMRAATT     EQU    2			AM RANGE ATT.
  <00000001>   372.  OMKRLTST     EQU    1			MKR LAMP TEST
  <0000068B>   374.  OATTEN1      EQU    $0000068B		ATTEN 1 EXHAUST NOISE
  <00000681>   375.  OFUNCTA      EQU    $00000681		CARD 23 HIGH BYTE
  <00000683>   376.  OFUNCT1      EQU    $00000683		FUNCT 1 RPM
  <00000685>   377.  OFUNCT5      EQU    $00000685		FUNCT 5 SPARE
  <0000068D>   378.  OATTEN5      EQU    $0000068D		ATTEN 5 SPARE
  <00000687>   379.  OFUNCT6      EQU    $00000687		FUNCT 6 STALL WARN
  <00000691>   380.  OATTEN6      EQU    $00000691		ATTEN 6 STALL WARN
  <00000689>   381.  OFUNCT8      EQU    $00000689		FUNCT 8 TIRE SCREECH
  <00000693>   382.  OATTEN8      EQU    $00000693		ATTEN 8 TIRE SCREECH
  <00000695>   383.  OATTEN9      EQU    $00000695		ATTEN 9 INST. VOL
  <00000697>   384.  OATTEN10     EQU    $00000697		ATTEN 10 PROP HISS
  <00000699>   385.  OATTEN11     EQU    $00000699		ATTEN 11 AERO HISS
  <000006E1>   387.  OFUNCTB      EQU    $000006E1		CARD 24 HIGH BYTE
  <000006E3>   388.  OFUNCT2      EQU    $000006E3		FUNCT 2 HISS
  <000006EB>   389.  OATTEN2      EQU    $000006EB		ATTEN 2 HISS
  <000006E5>   390.  OFUNCT3      EQU    $000006E5		FUNCT 3 RUMBLE
  <000006ED>   391.  OATTEN3      EQU    $000006ED		ATTEN 3 RUMBLE
  <000006E7>   392.  OFUNCT4      EQU    $000006E7		FUNCT 4 SPARE
  <000006F1>   393.  OATTEN4      EQU    $000006F1		ATTEN 4 SPARE
  <000006E9>   394.  OFUNCT7      EQU    $000006E9		FUNCT 7 AERO HISS
  <000006F3>   395.  OATTEN7      EQU    $000006F3		ATTEN 7 AERO HISS
  <000006B1>   397.  OCOM1SQ      EQU    $000006B1		COMM1 SQ CONTROL
  <000006B5>   398.  OCOM1IVL     EQU    $000006B5		COMM1 INST. VOICE LEVEL
  <00000003>   399.  OC1SXMIT     EQU    3			COMM1 STUDENT XMIT
  <000006B9>   400.  OCOM1VOL     EQU    $000006B9		COMM1 VOLUME LEVEL
  <000006B3>   401.  OCOM2SQ      EQU    $000006B3		COMM2 SQ CONTROL
  <000006B7>   402.  OCOM2IVL     EQU    $000006B7		COMM2 INST. VOICE LEVEL
  <00000002>   403.  OC2SXMIT     EQU    2			COMM2 STUDENT XMIT
  <000006BB>   404.  OCOM2VOL     EQU    $000006BB		COMM2 VOLUME CONTROL
  <000006BD>   405.  OSMIKEVL     EQU    $000006BD		STUDENT MIKE COMM LEVEL
  <000006CF>   406.  IMICPTT      EQU    $000006CF		MIKE PTT
  <00000007>   407.  ISMICPTT     EQU    7			STUDENT MIKE PTT
  <00000006>   408.  IIMICPTT     EQU    6			INSTRUCTOR MIKE PTT
  <000006C1>   409.  OSINPHVL     EQU    $000006C1		STUDENT INPH. LEVEL
  <000006C3>   410.  OIINPHVL     EQU    $000006C3		INSTRUCTOR INPH. LEVEL
  <000006C5>   411.  OSLISTVL     EQU    $000006C5		STUDENT VOLUME LEVEL
  <000006C9>   412.  OASCONT1     EQU    $000006C9		AUDIO SELECT CONTROL 1
  <00000007>   413.  OSSCOM1N     EQU    7			STUDENT SEL COMM1 (NOT)
  <00000006>   414.  OSSCOM2N     EQU    6			STUDENT SEL COMM2 (NOT)
  <00000005>   415.  OSSINPHN     EQU    5			STUDENT SEL INPH.(NOT)
  <00000004>   416.  OSSMKRN      EQU    4			STUDENT SEL MARKER (NOT)
  <00000003>   417.  OSSNAV1N     EQU    3			STUDENT SEL NAV1   (NOT)
  <00000002>   418.  OSSNAV2N     EQU    2			STUDENT SEL NAV2   (NOT)
  <00000001>   419.  OSSADF1N     EQU    1			STUDENT SEL ADF1   (NOT)
  <00000000>   420.  OSSADF2N     EQU    0			STUDENT SEL ADF2   (NOT)
  <000006CB>   421.  OASCONT2     EQU    $000006CB		AUDIO SELECT CONTROL 2
  <00000007>   422.  OSSDME1N     EQU    7			STUDENT SEL DME 1  (NOT)
  <00000006>   423.  OSSDME2N     EQU    6			STUDENT SEL DME 2  (NOT)
  <00000005>   424.  OSSSPA1N     EQU    5			STUDENT SEL SPARE  (NOT)
  <00000004>   425.  OSSSPA2N     EQU    4			STUDENT SEL SPARE  (NOT)
  <000006C7>   426.  OILISTVL     EQU    $000006C7		INSTRUCTOR VOLUME LEVEL
  <000006CD>   427.  OASCONT3     EQU    $000006CD		AUDIO SELECT CONTROL 3
  <00000007>   428.  OISCOM1N     EQU    7			INST. SEL COMM1   (NOT)
  <00000006>   429.  OISCOM2N     EQU    6			INST. SEL COMM2   (NOT)
  <00000005>   430.  OISSTN	     EQU    5			INST. SEL SIDE TONE (NOT)
  <00000004>   431.  OISMONTN     EQU    4			INST. SEL MONITOR   (NOT)
  <00000003>   432.  OISINPHN     EQU    3			INST. SEL INPH.     (NOT)
  <00000002>   433.  OISSPA1N     EQU    2			INST. SEL SPARE     (NOT)
  <00000001>   434.  OISSPA2N     EQU    1			INST. SEL SPARE     (NOT)
  <00000000>   435.  OISSPA3N     EQU    0			INST. SEL SPARE     (NOT)
    0 Errors detected
  429.  OISCOM2N     EQU    6			INST. SEL COMM2   (NOT)
  <00000005>   430.  OISSTN	     EQU    5			INST. SEL SIDE TONE (NOT)
  <00000004>   431.  OISMONTN     EQU    4			INST. SEL MONITOR   (NOT)
  <00000003>   432.  OISINPHN     EQU    3			INST. SEL INPH.     (NOT)
  <00000002>   433.  OISSPA1N     EQU    2			INST. SEL SPARE     (NOT)
  <00000001>   434.  OISSPA2N     EQU    1			INST. SEL SPARE     (NOT)
  <00000000>   435.  OISSPA3N     EQU    0			INST. SEL SPARE     (NOT)
    