Quelo   ...M68K D2.0C  3/12/85   ...Run on Dec 4, 2025  13:49:33
D:VISIO.A68 , D:VISIO.ERR = D:VISIO.SA

  <00001750>     8.  VISON	  EQU	$00001750 B 001 L H   00 = VISUAL I/O OFF   FF
  <00001751>     9.  VFILL	  EQU	$00001751 B 001 L H   SPARE BYTE
  <00001752>    10.  SYNC1	  EQU	$00001752 B 001 L H   F0 = START SYNC CHARACTE
  <00001753>    11.  VFLAG1	  EQU	$00001753 B 001 L H   VISUAL FLAG1
  <00001754>    12.  VISHDG	  EQU	$00001754 W 001 L S00 VISUAL HEADING(DEGREES)
  <00001756>    13.  VISPITCH  EQU	$00001756 W 001 L S00 VISUAL PITCH ANGLE(DEG
  <00001758>    14.  VISROLL   EQU	$00001758 W 001 L S00 VISUAL ROLL ANGLE(DEGR
  <0000175A>    15.  VISALT	  EQU	$0000175A L 001 L H   VISUAL ALTITUDE ABOVE G
  <0000175E>    16.  VISXF	  EQU	$0000175E L 001 L H   VISUAL EAST/WEST POSITIO
  <00001762>    17.  VISYF	  EQU	$00001762 L 001 L H   VISUAL NORTH/SOUTH POSIT
  <00001766>    18.  VFLAG2	  EQU	$00001766 B 001 L H   VISUAL FLAG2
  <00001767>    19.  SYNC22	  EQU	$00001767 B 001 L H   0F = STOP SYNC CHARACTE
  <00001768>    20.  VFIRST	  EQU	$00001768 B 001 L H   FIRST PASS FLAG
  <00001769>    21.  VTEMP1	  EQU	$00001769 B 001 L H   VISUAL TEMP
  <0000176A>    22.  VISX	  EQU	$0000176A L 001 L S10 VISUAL X
  <0000176E>    23.  VISY	  EQU	$0000176E L 001 L S10 VISUAL Y
  <00FE8001>    68.  ACIAC	 EQU	   $FE8001	       CONTROL PORT
  <00FE8003>    69.  ACIAD	 EQU	   $FE8003	       DATA PORT
    0 Errors detected
SUAL FLAG2
  <00001767>    19.  SYNC22	  EQU	$00001767 B 001 L H   0F = 